0 info it worked if it ends with ok
1 verbose cli [ 'C:\\Program Files\\nodejs\\\\node.exe',
1 verbose cli   'C:\\Program Files\\nodejs\\node_modules\\npm\\bin\\npm-cli.js',
1 verbose cli   'install' ]
2 info using npm@2.9.1
3 info using node@v0.12.3
4 verbose node symlink C:\Program Files\nodejs\\node.exe
5 verbose readDependencies loading dependencies from C:\Users\RONNIE\Desktop\pressinterfacedemo\.demeteorized\package.json
6 warn package.json pressinterfacedemo@0.0.1 No repository field.
7 verbose install where, deps [ 'C:\\Users\\RONNIE\\Desktop\\pressinterfacedemo\\.demeteorized',
7 verbose install   [ 'string',
7 verbose install     'websocket-driver',
7 verbose install     'faye-websocket',
7 verbose install     'node-uuid',
7 verbose install     'sockjs',
7 verbose install     'mimelib-noiconv',
7 verbose install     'mailcomposer',
7 verbose install     'rai',
7 verbose install     'xoauth2',
7 verbose install     'simplesmtp',
7 verbose install     'stream-buffers',
7 verbose install     'bytes',
7 verbose install     'content-type',
7 verbose install     'ms',
7 verbose install     'debug',
7 verbose install     'depd',
7 verbose install     'iconv-lite',
7 verbose install     'ee-first',
7 verbose install     'on-finished',
7 verbose install     'qs',
7 verbose install     'raw-body',
7 verbose install     'media-typer',
7 verbose install     'mime-db',
7 verbose install     'mime-types',
7 verbose install     'type-is',
7 verbose install     'body-parser',
7 verbose install     'es5-ext',
7 verbose install     'event-emitter',
7 verbose install     'next-tick',
7 verbose install     'memoizee',
7 verbose install     'cli-color',
7 verbose install     'double-ended-queue',
7 verbose install     'nan',
7 verbose install     'bson',
7 verbose install     'core-util-is',
7 verbose install     'inherits',
7 verbose install     'isarray',
7 verbose install     'string_decoder',
7 verbose install     'readable-stream',
7 verbose install     'mongodb',
7 verbose install     'mongodb-uri',
7 verbose install     'comma-separated-values',
7 verbose install     'cfb',
7 verbose install     'commander',
7 verbose install     'typedarray',
7 verbose install     'concat-stream',
7 verbose install     'voc',
7 verbose install     'codepage',
7 verbose install     'graceful-readlink',
7 verbose install     'colors',
7 verbose install     'frac',
7 verbose install     'ssf',
7 verbose install     'xlsjs',
7 verbose install     'adler-32',
7 verbose install     'crc-32',
7 verbose install     'pako',
7 verbose install     'jszip',
7 verbose install     'xlsx',
7 verbose install     'bindings',
7 verbose install     'bcrypt',
7 verbose install     'spin.js',
7 verbose install     'buffer-crc32',
7 verbose install     'cookie',
7 verbose install     'cookie-signature',
7 verbose install     'fresh',
7 verbose install     'methods',
7 verbose install     'stream-counter',
7 verbose install     'multiparty',
7 verbose install     'pause',
7 verbose install     'uid2',
7 verbose install     'connect',
7 verbose install     'send',
7 verbose install     'mime',
7 verbose install     'range-parser',
7 verbose install     'lru-cache',
7 verbose install     'useragent',
7 verbose install     'fibers',
7 verbose install     'underscore',
7 verbose install     'source-map-support',
7 verbose install     'semver' ] ]
8 verbose install where, peers [ 'C:\\Users\\RONNIE\\Desktop\\pressinterfacedemo\\.demeteorized',
8 verbose install   [] ]
9 verbose installManyTop reading for lifecycle C:\Users\RONNIE\Desktop\pressinterfacedemo\.demeteorized\package.json
10 info preinstall pressinterfacedemo@0.0.1
11 verbose installManyTop reading scoped package data from C:\Users\RONNIE\Desktop\pressinterfacedemo\.demeteorized\node_modules\adler-32\package.json
12 verbose installManyTop reading scoped package data from C:\Users\RONNIE\Desktop\pressinterfacedemo\.demeteorized\node_modules\bindings\package.json
13 verbose installManyTop reading scoped package data from C:\Users\RONNIE\Desktop\pressinterfacedemo\.demeteorized\node_modules\body-parser\package.json
14 verbose installManyTop reading scoped package data from C:\Users\RONNIE\Desktop\pressinterfacedemo\.demeteorized\node_modules\bson\package.json
15 verbose installManyTop reading scoped package data from C:\Users\RONNIE\Desktop\pressinterfacedemo\.demeteorized\node_modules\buffer-crc32\package.json
16 verbose installManyTop reading scoped package data from C:\Users\RONNIE\Desktop\pressinterfacedemo\.demeteorized\node_modules\bytes\package.json
17 verbose installManyTop reading scoped package data from C:\Users\RONNIE\Desktop\pressinterfacedemo\.demeteorized\node_modules\cfb\package.json
18 verbose installManyTop reading scoped package data from C:\Users\RONNIE\Desktop\pressinterfacedemo\.demeteorized\node_modules\cli-color\package.json
19 verbose installManyTop reading scoped package data from C:\Users\RONNIE\Desktop\pressinterfacedemo\.demeteorized\node_modules\codepage\package.json
20 verbose installManyTop reading scoped package data from C:\Users\RONNIE\Desktop\pressinterfacedemo\.demeteorized\node_modules\colors\package.json
21 verbose installManyTop reading scoped package data from C:\Users\RONNIE\Desktop\pressinterfacedemo\.demeteorized\node_modules\comma-separated-values\package.json
22 verbose installManyTop reading scoped package data from C:\Users\RONNIE\Desktop\pressinterfacedemo\.demeteorized\node_modules\commander\package.json
23 verbose installManyTop reading scoped package data from C:\Users\RONNIE\Desktop\pressinterfacedemo\.demeteorized\node_modules\concat-stream\package.json
24 verbose installManyTop reading scoped package data from C:\Users\RONNIE\Desktop\pressinterfacedemo\.demeteorized\node_modules\connect\package.json
25 verbose installManyTop reading scoped package data from C:\Users\RONNIE\Desktop\pressinterfacedemo\.demeteorized\node_modules\content-type\package.json
26 verbose installManyTop reading scoped package data from C:\Users\RONNIE\Desktop\pressinterfacedemo\.demeteorized\node_modules\cookie\package.json
27 verbose installManyTop reading scoped package data from C:\Users\RONNIE\Desktop\pressinterfacedemo\.demeteorized\node_modules\cookie-signature\package.json
28 verbose installManyTop reading scoped package data from C:\Users\RONNIE\Desktop\pressinterfacedemo\.demeteorized\node_modules\core-util-is\package.json
29 verbose installManyTop reading scoped package data from C:\Users\RONNIE\Desktop\pressinterfacedemo\.demeteorized\node_modules\crc-32\package.json
30 verbose installManyTop reading scoped package data from C:\Users\RONNIE\Desktop\pressinterfacedemo\.demeteorized\node_modules\debug\package.json
31 verbose installManyTop reading scoped package data from C:\Users\RONNIE\Desktop\pressinterfacedemo\.demeteorized\node_modules\depd\package.json
32 verbose installManyTop reading scoped package data from C:\Users\RONNIE\Desktop\pressinterfacedemo\.demeteorized\node_modules\double-ended-queue\package.json
33 verbose installManyTop reading scoped package data from C:\Users\RONNIE\Desktop\pressinterfacedemo\.demeteorized\node_modules\ee-first\package.json
34 verbose installManyTop reading scoped package data from C:\Users\RONNIE\Desktop\pressinterfacedemo\.demeteorized\node_modules\es5-ext\package.json
35 verbose installManyTop reading scoped package data from C:\Users\RONNIE\Desktop\pressinterfacedemo\.demeteorized\node_modules\event-emitter\package.json
36 verbose installManyTop reading scoped package data from C:\Users\RONNIE\Desktop\pressinterfacedemo\.demeteorized\node_modules\faye-websocket\package.json
37 verbose installManyTop reading scoped package data from C:\Users\RONNIE\Desktop\pressinterfacedemo\.demeteorized\node_modules\frac\package.json
38 verbose installManyTop reading scoped package data from C:\Users\RONNIE\Desktop\pressinterfacedemo\.demeteorized\node_modules\fresh\package.json
39 verbose installManyTop reading scoped package data from C:\Users\RONNIE\Desktop\pressinterfacedemo\.demeteorized\node_modules\graceful-readlink\package.json
40 verbose installManyTop reading scoped package data from C:\Users\RONNIE\Desktop\pressinterfacedemo\.demeteorized\node_modules\iconv-lite\package.json
41 verbose installManyTop reading scoped package data from C:\Users\RONNIE\Desktop\pressinterfacedemo\.demeteorized\node_modules\inherits\package.json
42 verbose installManyTop reading scoped package data from C:\Users\RONNIE\Desktop\pressinterfacedemo\.demeteorized\node_modules\isarray\package.json
43 verbose installManyTop reading scoped package data from C:\Users\RONNIE\Desktop\pressinterfacedemo\.demeteorized\node_modules\jszip\package.json
44 verbose installManyTop reading scoped package data from C:\Users\RONNIE\Desktop\pressinterfacedemo\.demeteorized\node_modules\lru-cache\package.json
45 verbose installManyTop reading scoped package data from C:\Users\RONNIE\Desktop\pressinterfacedemo\.demeteorized\node_modules\mailcomposer\package.json
46 verbose installManyTop reading scoped package data from C:\Users\RONNIE\Desktop\pressinterfacedemo\.demeteorized\node_modules\media-typer\package.json
47 verbose installManyTop reading scoped package data from C:\Users\RONNIE\Desktop\pressinterfacedemo\.demeteorized\node_modules\memoizee\package.json
48 verbose installManyTop reading scoped package data from C:\Users\RONNIE\Desktop\pressinterfacedemo\.demeteorized\node_modules\methods\package.json
49 verbose installManyTop reading scoped package data from C:\Users\RONNIE\Desktop\pressinterfacedemo\.demeteorized\node_modules\mime\package.json
50 verbose installManyTop reading scoped package data from C:\Users\RONNIE\Desktop\pressinterfacedemo\.demeteorized\node_modules\mime-db\package.json
51 verbose installManyTop reading scoped package data from C:\Users\RONNIE\Desktop\pressinterfacedemo\.demeteorized\node_modules\mime-types\package.json
52 verbose installManyTop reading scoped package data from C:\Users\RONNIE\Desktop\pressinterfacedemo\.demeteorized\node_modules\mimelib-noiconv\package.json
53 verbose installManyTop reading scoped package data from C:\Users\RONNIE\Desktop\pressinterfacedemo\.demeteorized\node_modules\mongodb\package.json
54 verbose installManyTop reading scoped package data from C:\Users\RONNIE\Desktop\pressinterfacedemo\.demeteorized\node_modules\mongodb-uri\package.json
55 verbose installManyTop reading scoped package data from C:\Users\RONNIE\Desktop\pressinterfacedemo\.demeteorized\node_modules\ms\package.json
56 verbose installManyTop reading scoped package data from C:\Users\RONNIE\Desktop\pressinterfacedemo\.demeteorized\node_modules\multiparty\package.json
57 verbose installManyTop reading scoped package data from C:\Users\RONNIE\Desktop\pressinterfacedemo\.demeteorized\node_modules\nan\package.json
58 verbose installManyTop reading scoped package data from C:\Users\RONNIE\Desktop\pressinterfacedemo\.demeteorized\node_modules\next-tick\package.json
59 verbose installManyTop reading scoped package data from C:\Users\RONNIE\Desktop\pressinterfacedemo\.demeteorized\node_modules\node-uuid\package.json
60 verbose installManyTop reading scoped package data from C:\Users\RONNIE\Desktop\pressinterfacedemo\.demeteorized\node_modules\on-finished\package.json
61 verbose installManyTop reading scoped package data from C:\Users\RONNIE\Desktop\pressinterfacedemo\.demeteorized\node_modules\pako\package.json
62 verbose installManyTop reading scoped package data from C:\Users\RONNIE\Desktop\pressinterfacedemo\.demeteorized\node_modules\pause\package.json
63 verbose installManyTop reading scoped package data from C:\Users\RONNIE\Desktop\pressinterfacedemo\.demeteorized\node_modules\qs\package.json
64 verbose installManyTop reading scoped package data from C:\Users\RONNIE\Desktop\pressinterfacedemo\.demeteorized\node_modules\rai\package.json
65 verbose installManyTop reading scoped package data from C:\Users\RONNIE\Desktop\pressinterfacedemo\.demeteorized\node_modules\range-parser\package.json
66 verbose installManyTop reading scoped package data from C:\Users\RONNIE\Desktop\pressinterfacedemo\.demeteorized\node_modules\raw-body\package.json
67 verbose installManyTop reading scoped package data from C:\Users\RONNIE\Desktop\pressinterfacedemo\.demeteorized\node_modules\readable-stream\package.json
68 verbose installManyTop reading scoped package data from C:\Users\RONNIE\Desktop\pressinterfacedemo\.demeteorized\node_modules\semver\package.json
69 verbose installManyTop reading scoped package data from C:\Users\RONNIE\Desktop\pressinterfacedemo\.demeteorized\node_modules\send\package.json
70 verbose installManyTop reading scoped package data from C:\Users\RONNIE\Desktop\pressinterfacedemo\.demeteorized\node_modules\simplesmtp\package.json
71 verbose installManyTop reading scoped package data from C:\Users\RONNIE\Desktop\pressinterfacedemo\.demeteorized\node_modules\sockjs\package.json
72 verbose installManyTop reading scoped package data from C:\Users\RONNIE\Desktop\pressinterfacedemo\.demeteorized\node_modules\source-map-support\package.json
73 verbose installManyTop reading scoped package data from C:\Users\RONNIE\Desktop\pressinterfacedemo\.demeteorized\node_modules\spin.js\package.json
74 verbose installManyTop reading scoped package data from C:\Users\RONNIE\Desktop\pressinterfacedemo\.demeteorized\node_modules\ssf\package.json
75 verbose installManyTop reading scoped package data from C:\Users\RONNIE\Desktop\pressinterfacedemo\.demeteorized\node_modules\stream-buffers\package.json
76 verbose installManyTop reading scoped package data from C:\Users\RONNIE\Desktop\pressinterfacedemo\.demeteorized\node_modules\stream-counter\package.json
77 verbose installManyTop reading scoped package data from C:\Users\RONNIE\Desktop\pressinterfacedemo\.demeteorized\node_modules\string\package.json
78 verbose installManyTop reading scoped package data from C:\Users\RONNIE\Desktop\pressinterfacedemo\.demeteorized\node_modules\string_decoder\package.json
79 verbose installManyTop reading scoped package data from C:\Users\RONNIE\Desktop\pressinterfacedemo\.demeteorized\node_modules\type-is\package.json
80 verbose installManyTop reading scoped package data from C:\Users\RONNIE\Desktop\pressinterfacedemo\.demeteorized\node_modules\typedarray\package.json
81 verbose installManyTop reading scoped package data from C:\Users\RONNIE\Desktop\pressinterfacedemo\.demeteorized\node_modules\uid2\package.json
82 verbose installManyTop reading scoped package data from C:\Users\RONNIE\Desktop\pressinterfacedemo\.demeteorized\node_modules\underscore\package.json
83 verbose installManyTop reading scoped package data from C:\Users\RONNIE\Desktop\pressinterfacedemo\.demeteorized\node_modules\useragent\package.json
84 verbose installManyTop reading scoped package data from C:\Users\RONNIE\Desktop\pressinterfacedemo\.demeteorized\node_modules\voc\package.json
85 verbose installManyTop reading scoped package data from C:\Users\RONNIE\Desktop\pressinterfacedemo\.demeteorized\node_modules\websocket-driver\package.json
86 verbose installManyTop reading scoped package data from C:\Users\RONNIE\Desktop\pressinterfacedemo\.demeteorized\node_modules\xlsjs\package.json
87 verbose installManyTop reading scoped package data from C:\Users\RONNIE\Desktop\pressinterfacedemo\.demeteorized\node_modules\xlsx\package.json
88 verbose installManyTop reading scoped package data from C:\Users\RONNIE\Desktop\pressinterfacedemo\.demeteorized\node_modules\xoauth2\package.json
89 warn package.json methods@0.0.1 No repository field.
90 warn package.json methods@0.0.1 No README data
91 warn package.json string_decoder@0.10.31 string_decoder is also the name of a node core module.
92 warn package.json uid2@0.0.2 No repository field.
93 warn package.json bytes@0.2.0 No repository field.
94 warn package.json cookie-signature@1.0.1 No repository field.
95 warn package.json pause@0.0.1 No repository field.
96 warn package.json range-parser@0.0.4 No repository field.
97 verbose readDependencies loading dependencies from C:\Users\RONNIE\Desktop\pressinterfacedemo\.demeteorized\package.json
98 verbose targetResolver reading package data from C:\Users\RONNIE\Desktop\pressinterfacedemo\.demeteorized\node_modules\adler-32\package.json
99 verbose targetResolver reading package data from C:\Users\RONNIE\Desktop\pressinterfacedemo\.demeteorized\node_modules\bindings\package.json
100 verbose targetResolver reading package data from C:\Users\RONNIE\Desktop\pressinterfacedemo\.demeteorized\node_modules\body-parser\package.json
101 verbose targetResolver reading package data from C:\Users\RONNIE\Desktop\pressinterfacedemo\.demeteorized\node_modules\bson\package.json
102 verbose targetResolver reading package data from C:\Users\RONNIE\Desktop\pressinterfacedemo\.demeteorized\node_modules\buffer-crc32\package.json
103 verbose targetResolver reading package data from C:\Users\RONNIE\Desktop\pressinterfacedemo\.demeteorized\node_modules\bytes\package.json
104 verbose targetResolver reading package data from C:\Users\RONNIE\Desktop\pressinterfacedemo\.demeteorized\node_modules\cfb\package.json
105 verbose targetResolver reading package data from C:\Users\RONNIE\Desktop\pressinterfacedemo\.demeteorized\node_modules\cli-color\package.json
106 verbose targetResolver reading package data from C:\Users\RONNIE\Desktop\pressinterfacedemo\.demeteorized\node_modules\codepage\package.json
107 verbose targetResolver reading package data from C:\Users\RONNIE\Desktop\pressinterfacedemo\.demeteorized\node_modules\colors\package.json
108 verbose targetResolver reading package data from C:\Users\RONNIE\Desktop\pressinterfacedemo\.demeteorized\node_modules\comma-separated-values\package.json
109 verbose targetResolver reading package data from C:\Users\RONNIE\Desktop\pressinterfacedemo\.demeteorized\node_modules\commander\package.json
110 verbose targetResolver reading package data from C:\Users\RONNIE\Desktop\pressinterfacedemo\.demeteorized\node_modules\concat-stream\package.json
111 verbose targetResolver reading package data from C:\Users\RONNIE\Desktop\pressinterfacedemo\.demeteorized\node_modules\connect\package.json
112 verbose targetResolver reading package data from C:\Users\RONNIE\Desktop\pressinterfacedemo\.demeteorized\node_modules\content-type\package.json
113 verbose targetResolver reading package data from C:\Users\RONNIE\Desktop\pressinterfacedemo\.demeteorized\node_modules\cookie\package.json
114 verbose targetResolver reading package data from C:\Users\RONNIE\Desktop\pressinterfacedemo\.demeteorized\node_modules\cookie-signature\package.json
115 verbose targetResolver reading package data from C:\Users\RONNIE\Desktop\pressinterfacedemo\.demeteorized\node_modules\core-util-is\package.json
116 verbose targetResolver reading package data from C:\Users\RONNIE\Desktop\pressinterfacedemo\.demeteorized\node_modules\crc-32\package.json
117 verbose targetResolver reading package data from C:\Users\RONNIE\Desktop\pressinterfacedemo\.demeteorized\node_modules\debug\package.json
118 verbose targetResolver reading package data from C:\Users\RONNIE\Desktop\pressinterfacedemo\.demeteorized\node_modules\depd\package.json
119 verbose targetResolver reading package data from C:\Users\RONNIE\Desktop\pressinterfacedemo\.demeteorized\node_modules\double-ended-queue\package.json
120 verbose targetResolver reading package data from C:\Users\RONNIE\Desktop\pressinterfacedemo\.demeteorized\node_modules\ee-first\package.json
121 verbose targetResolver reading package data from C:\Users\RONNIE\Desktop\pressinterfacedemo\.demeteorized\node_modules\es5-ext\package.json
122 verbose targetResolver reading package data from C:\Users\RONNIE\Desktop\pressinterfacedemo\.demeteorized\node_modules\event-emitter\package.json
123 verbose targetResolver reading package data from C:\Users\RONNIE\Desktop\pressinterfacedemo\.demeteorized\node_modules\faye-websocket\package.json
124 verbose targetResolver reading package data from C:\Users\RONNIE\Desktop\pressinterfacedemo\.demeteorized\node_modules\frac\package.json
125 verbose targetResolver reading package data from C:\Users\RONNIE\Desktop\pressinterfacedemo\.demeteorized\node_modules\fresh\package.json
126 verbose targetResolver reading package data from C:\Users\RONNIE\Desktop\pressinterfacedemo\.demeteorized\node_modules\graceful-readlink\package.json
127 verbose targetResolver reading package data from C:\Users\RONNIE\Desktop\pressinterfacedemo\.demeteorized\node_modules\iconv-lite\package.json
128 verbose targetResolver reading package data from C:\Users\RONNIE\Desktop\pressinterfacedemo\.demeteorized\node_modules\inherits\package.json
129 verbose targetResolver reading package data from C:\Users\RONNIE\Desktop\pressinterfacedemo\.demeteorized\node_modules\isarray\package.json
130 verbose targetResolver reading package data from C:\Users\RONNIE\Desktop\pressinterfacedemo\.demeteorized\node_modules\jszip\package.json
131 verbose targetResolver reading package data from C:\Users\RONNIE\Desktop\pressinterfacedemo\.demeteorized\node_modules\lru-cache\package.json
132 verbose targetResolver reading package data from C:\Users\RONNIE\Desktop\pressinterfacedemo\.demeteorized\node_modules\mailcomposer\package.json
133 verbose targetResolver reading package data from C:\Users\RONNIE\Desktop\pressinterfacedemo\.demeteorized\node_modules\media-typer\package.json
134 verbose targetResolver reading package data from C:\Users\RONNIE\Desktop\pressinterfacedemo\.demeteorized\node_modules\memoizee\package.json
135 verbose targetResolver reading package data from C:\Users\RONNIE\Desktop\pressinterfacedemo\.demeteorized\node_modules\methods\package.json
136 verbose targetResolver reading package data from C:\Users\RONNIE\Desktop\pressinterfacedemo\.demeteorized\node_modules\mime\package.json
137 verbose targetResolver reading package data from C:\Users\RONNIE\Desktop\pressinterfacedemo\.demeteorized\node_modules\mime-db\package.json
138 verbose targetResolver reading package data from C:\Users\RONNIE\Desktop\pressinterfacedemo\.demeteorized\node_modules\mime-types\package.json
139 verbose targetResolver reading package data from C:\Users\RONNIE\Desktop\pressinterfacedemo\.demeteorized\node_modules\mimelib-noiconv\package.json
140 verbose targetResolver reading package data from C:\Users\RONNIE\Desktop\pressinterfacedemo\.demeteorized\node_modules\mongodb\package.json
141 verbose targetResolver reading package data from C:\Users\RONNIE\Desktop\pressinterfacedemo\.demeteorized\node_modules\mongodb-uri\package.json
142 verbose targetResolver reading package data from C:\Users\RONNIE\Desktop\pressinterfacedemo\.demeteorized\node_modules\ms\package.json
143 verbose targetResolver reading package data from C:\Users\RONNIE\Desktop\pressinterfacedemo\.demeteorized\node_modules\multiparty\package.json
144 verbose targetResolver reading package data from C:\Users\RONNIE\Desktop\pressinterfacedemo\.demeteorized\node_modules\nan\package.json
145 verbose targetResolver reading package data from C:\Users\RONNIE\Desktop\pressinterfacedemo\.demeteorized\node_modules\next-tick\package.json
146 verbose targetResolver reading package data from C:\Users\RONNIE\Desktop\pressinterfacedemo\.demeteorized\node_modules\node-uuid\package.json
147 verbose targetResolver reading package data from C:\Users\RONNIE\Desktop\pressinterfacedemo\.demeteorized\node_modules\on-finished\package.json
148 verbose targetResolver reading package data from C:\Users\RONNIE\Desktop\pressinterfacedemo\.demeteorized\node_modules\pako\package.json
149 verbose targetResolver reading package data from C:\Users\RONNIE\Desktop\pressinterfacedemo\.demeteorized\node_modules\pause\package.json
150 verbose targetResolver reading package data from C:\Users\RONNIE\Desktop\pressinterfacedemo\.demeteorized\node_modules\qs\package.json
151 verbose targetResolver reading package data from C:\Users\RONNIE\Desktop\pressinterfacedemo\.demeteorized\node_modules\rai\package.json
152 verbose targetResolver reading package data from C:\Users\RONNIE\Desktop\pressinterfacedemo\.demeteorized\node_modules\range-parser\package.json
153 verbose targetResolver reading package data from C:\Users\RONNIE\Desktop\pressinterfacedemo\.demeteorized\node_modules\raw-body\package.json
154 verbose targetResolver reading package data from C:\Users\RONNIE\Desktop\pressinterfacedemo\.demeteorized\node_modules\readable-stream\package.json
155 verbose targetResolver reading package data from C:\Users\RONNIE\Desktop\pressinterfacedemo\.demeteorized\node_modules\semver\package.json
156 verbose targetResolver reading package data from C:\Users\RONNIE\Desktop\pressinterfacedemo\.demeteorized\node_modules\send\package.json
157 verbose targetResolver reading package data from C:\Users\RONNIE\Desktop\pressinterfacedemo\.demeteorized\node_modules\simplesmtp\package.json
158 verbose targetResolver reading package data from C:\Users\RONNIE\Desktop\pressinterfacedemo\.demeteorized\node_modules\sockjs\package.json
159 verbose targetResolver reading package data from C:\Users\RONNIE\Desktop\pressinterfacedemo\.demeteorized\node_modules\source-map-support\package.json
160 verbose targetResolver reading package data from C:\Users\RONNIE\Desktop\pressinterfacedemo\.demeteorized\node_modules\spin.js\package.json
161 verbose targetResolver reading package data from C:\Users\RONNIE\Desktop\pressinterfacedemo\.demeteorized\node_modules\ssf\package.json
162 verbose targetResolver reading package data from C:\Users\RONNIE\Desktop\pressinterfacedemo\.demeteorized\node_modules\stream-buffers\package.json
163 verbose targetResolver reading package data from C:\Users\RONNIE\Desktop\pressinterfacedemo\.demeteorized\node_modules\stream-counter\package.json
164 verbose targetResolver reading package data from C:\Users\RONNIE\Desktop\pressinterfacedemo\.demeteorized\node_modules\string\package.json
165 verbose targetResolver reading package data from C:\Users\RONNIE\Desktop\pressinterfacedemo\.demeteorized\node_modules\string_decoder\package.json
166 verbose targetResolver reading package data from C:\Users\RONNIE\Desktop\pressinterfacedemo\.demeteorized\node_modules\type-is\package.json
167 verbose targetResolver reading package data from C:\Users\RONNIE\Desktop\pressinterfacedemo\.demeteorized\node_modules\typedarray\package.json
168 verbose targetResolver reading package data from C:\Users\RONNIE\Desktop\pressinterfacedemo\.demeteorized\node_modules\uid2\package.json
169 verbose targetResolver reading package data from C:\Users\RONNIE\Desktop\pressinterfacedemo\.demeteorized\node_modules\underscore\package.json
170 verbose targetResolver reading package data from C:\Users\RONNIE\Desktop\pressinterfacedemo\.demeteorized\node_modules\useragent\package.json
171 verbose targetResolver reading package data from C:\Users\RONNIE\Desktop\pressinterfacedemo\.demeteorized\node_modules\voc\package.json
172 verbose targetResolver reading package data from C:\Users\RONNIE\Desktop\pressinterfacedemo\.demeteorized\node_modules\websocket-driver\package.json
173 verbose targetResolver reading package data from C:\Users\RONNIE\Desktop\pressinterfacedemo\.demeteorized\node_modules\xlsjs\package.json
174 verbose targetResolver reading package data from C:\Users\RONNIE\Desktop\pressinterfacedemo\.demeteorized\node_modules\xlsx\package.json
175 verbose targetResolver reading package data from C:\Users\RONNIE\Desktop\pressinterfacedemo\.demeteorized\node_modules\xoauth2\package.json
176 verbose targetResolver reading package data from C:\Users\RONNIE\Desktop\pressinterfacedemo\.demeteorized\node_modules\.bin\cfb\package.json
177 verbose targetResolver reading package data from C:\Users\RONNIE\Desktop\pressinterfacedemo\.demeteorized\node_modules\.bin\cfb.cmd\package.json
178 verbose targetResolver reading package data from C:\Users\RONNIE\Desktop\pressinterfacedemo\.demeteorized\node_modules\.bin\codepage\package.json
179 verbose targetResolver reading package data from C:\Users\RONNIE\Desktop\pressinterfacedemo\.demeteorized\node_modules\.bin\codepage.cmd\package.json
180 verbose targetResolver reading package data from C:\Users\RONNIE\Desktop\pressinterfacedemo\.demeteorized\node_modules\.bin\semver\package.json
181 verbose targetResolver reading package data from C:\Users\RONNIE\Desktop\pressinterfacedemo\.demeteorized\node_modules\.bin\semver.cmd\package.json
182 verbose targetResolver reading package data from C:\Users\RONNIE\Desktop\pressinterfacedemo\.demeteorized\node_modules\.bin\ssf\package.json
183 verbose targetResolver reading package data from C:\Users\RONNIE\Desktop\pressinterfacedemo\.demeteorized\node_modules\.bin\ssf.cmd\package.json
184 verbose targetResolver reading package data from C:\Users\RONNIE\Desktop\pressinterfacedemo\.demeteorized\node_modules\.bin\uuid\package.json
185 verbose targetResolver reading package data from C:\Users\RONNIE\Desktop\pressinterfacedemo\.demeteorized\node_modules\.bin\uuid.cmd\package.json
186 verbose targetResolver reading package data from C:\Users\RONNIE\Desktop\pressinterfacedemo\.demeteorized\node_modules\.bin\voc\package.json
187 verbose targetResolver reading package data from C:\Users\RONNIE\Desktop\pressinterfacedemo\.demeteorized\node_modules\.bin\voc.cmd\package.json
188 verbose targetResolver reading package data from C:\Users\RONNIE\Desktop\pressinterfacedemo\.demeteorized\node_modules\.bin\xls\package.json
189 verbose targetResolver reading package data from C:\Users\RONNIE\Desktop\pressinterfacedemo\.demeteorized\node_modules\.bin\xls.cmd\package.json
190 verbose targetResolver reading package data from C:\Users\RONNIE\Desktop\pressinterfacedemo\.demeteorized\node_modules\.bin\xlsx\package.json
191 verbose targetResolver reading package data from C:\Users\RONNIE\Desktop\pressinterfacedemo\.demeteorized\node_modules\.bin\xlsx.cmd\package.json
192 verbose already installed skipping on-finished@~2.2.1 C:\Users\RONNIE\Desktop\pressinterfacedemo\.demeteorized
193 verbose already installed skipping qs@0.6.5 C:\Users\RONNIE\Desktop\pressinterfacedemo\.demeteorized
194 verbose already installed skipping raw-body@~2.0.1 C:\Users\RONNIE\Desktop\pressinterfacedemo\.demeteorized
195 verbose already installed skipping media-typer@0.3.0 C:\Users\RONNIE\Desktop\pressinterfacedemo\.demeteorized
196 verbose already installed skipping mime-db@~1.11.0 C:\Users\RONNIE\Desktop\pressinterfacedemo\.demeteorized
197 verbose already installed skipping mime-types@~2.0.11 C:\Users\RONNIE\Desktop\pressinterfacedemo\.demeteorized
198 verbose already installed skipping type-is@~1.6.2 C:\Users\RONNIE\Desktop\pressinterfacedemo\.demeteorized
199 verbose already installed skipping body-parser@https://registry.npmjs.org/body-parser/-/body-parser-1.12.4.tgz C:\Users\RONNIE\Desktop\pressinterfacedemo\.demeteorized
200 verbose already installed skipping es5-ext@~0.9.2 C:\Users\RONNIE\Desktop\pressinterfacedemo\.demeteorized
201 verbose already installed skipping event-emitter@~0.2.2 C:\Users\RONNIE\Desktop\pressinterfacedemo\.demeteorized
202 verbose already installed skipping next-tick@0.1.x C:\Users\RONNIE\Desktop\pressinterfacedemo\.demeteorized
203 verbose already installed skipping memoizee@~0.2.5 C:\Users\RONNIE\Desktop\pressinterfacedemo\.demeteorized
204 verbose already installed skipping cli-color@https://registry.npmjs.org/cli-color/-/cli-color-0.2.3.tgz C:\Users\RONNIE\Desktop\pressinterfacedemo\.demeteorized
205 verbose already installed skipping double-ended-queue@https://registry.npmjs.org/double-ended-queue/-/double-ended-queue-2.1.0-0.tgz C:\Users\RONNIE\Desktop\pressinterfacedemo\.demeteorized
206 verbose already installed skipping nan@1.5.1 C:\Users\RONNIE\Desktop\pressinterfacedemo\.demeteorized
207 verbose already installed skipping bson@https://github.com/meteor/js-bson/tarball/0103b53 C:\Users\RONNIE\Desktop\pressinterfacedemo\.demeteorized
208 verbose already installed skipping core-util-is@~1.0.0 C:\Users\RONNIE\Desktop\pressinterfacedemo\.demeteorized
209 verbose already installed skipping inherits@~2.0.1 C:\Users\RONNIE\Desktop\pressinterfacedemo\.demeteorized
210 verbose already installed skipping isarray@0.0.1 C:\Users\RONNIE\Desktop\pressinterfacedemo\.demeteorized
211 verbose already installed skipping string_decoder@~0.10.x C:\Users\RONNIE\Desktop\pressinterfacedemo\.demeteorized
212 verbose already installed skipping readable-stream@~1.0.2 C:\Users\RONNIE\Desktop\pressinterfacedemo\.demeteorized
213 verbose already installed skipping mongodb@https://github.com/meteor/node-mongodb-native/tarball/634759e6326dc19a228df66ddb309285532f3b8a C:\Users\RONNIE\Desktop\pressinterfacedemo\.demeteorized
214 verbose already installed skipping mongodb-uri@https://registry.npmjs.org/mongodb-uri/-/mongodb-uri-0.9.7.tgz C:\Users\RONNIE\Desktop\pressinterfacedemo\.demeteorized
215 verbose already installed skipping comma-separated-values@https://registry.npmjs.org/comma-separated-values/-/comma-separated-values-3.2.1.tgz C:\Users\RONNIE\Desktop\pressinterfacedemo\.demeteorized
216 verbose already installed skipping cfb@>=0.10.0 C:\Users\RONNIE\Desktop\pressinterfacedemo\.demeteorized
217 verbose already installed skipping commander@ C:\Users\RONNIE\Desktop\pressinterfacedemo\.demeteorized
218 verbose already installed skipping typedarray@~0.0.5 C:\Users\RONNIE\Desktop\pressinterfacedemo\.demeteorized
219 verbose already installed skipping concat-stream@ C:\Users\RONNIE\Desktop\pressinterfacedemo\.demeteorized
220 verbose already installed skipping voc@ C:\Users\RONNIE\Desktop\pressinterfacedemo\.demeteorized
221 verbose already installed skipping codepage@~1.3.6 C:\Users\RONNIE\Desktop\pressinterfacedemo\.demeteorized
222 verbose already installed skipping graceful-readlink@>= 1.0.0 C:\Users\RONNIE\Desktop\pressinterfacedemo\.demeteorized
223 verbose already installed skipping colors@0.6.2 C:\Users\RONNIE\Desktop\pressinterfacedemo\.demeteorized
224 verbose already installed skipping frac@0.3.1 C:\Users\RONNIE\Desktop\pressinterfacedemo\.demeteorized
225 verbose already installed skipping ssf@~0.8.1 C:\Users\RONNIE\Desktop\pressinterfacedemo\.demeteorized
226 verbose already installed skipping xlsjs@https://registry.npmjs.org/xlsjs/-/xlsjs-0.7.5.tgz C:\Users\RONNIE\Desktop\pressinterfacedemo\.demeteorized
227 verbose already installed skipping adler-32@ C:\Users\RONNIE\Desktop\pressinterfacedemo\.demeteorized
228 verbose already installed skipping crc-32@ C:\Users\RONNIE\Desktop\pressinterfacedemo\.demeteorized
229 verbose already installed skipping pako@~0.2.5 C:\Users\RONNIE\Desktop\pressinterfacedemo\.demeteorized
230 verbose already installed skipping jszip@2.4.0 C:\Users\RONNIE\Desktop\pressinterfacedemo\.demeteorized
231 verbose already installed skipping xlsx@https://registry.npmjs.org/xlsx/-/xlsx-0.8.0.tgz C:\Users\RONNIE\Desktop\pressinterfacedemo\.demeteorized
232 verbose already installed skipping bindings@1.0.0 C:\Users\RONNIE\Desktop\pressinterfacedemo\.demeteorized
233 silly cache add args [ 'bcrypt@https://registry.npmjs.org/bcrypt/-/bcrypt-0.7.8.tgz',
233 silly cache add   null ]
234 verbose cache add spec bcrypt@https://registry.npmjs.org/bcrypt/-/bcrypt-0.7.8.tgz
235 verbose already installed skipping spin.js@https://registry.npmjs.org/spin.js/-/spin.js-2.0.1.tgz C:\Users\RONNIE\Desktop\pressinterfacedemo\.demeteorized
236 verbose already installed skipping buffer-crc32@0.2.1 C:\Users\RONNIE\Desktop\pressinterfacedemo\.demeteorized
237 verbose already installed skipping cookie@0.1.0 C:\Users\RONNIE\Desktop\pressinterfacedemo\.demeteorized
238 verbose already installed skipping cookie-signature@1.0.1 C:\Users\RONNIE\Desktop\pressinterfacedemo\.demeteorized
239 silly cache add parsed spec { raw: 'bcrypt@https://registry.npmjs.org/bcrypt/-/bcrypt-0.7.8.tgz',
239 silly cache add   scope: null,
239 silly cache add   name: 'bcrypt',
239 silly cache add   rawSpec: 'https://registry.npmjs.org/bcrypt/-/bcrypt-0.7.8.tgz',
239 silly cache add   spec: 'https://registry.npmjs.org/bcrypt/-/bcrypt-0.7.8.tgz',
239 silly cache add   type: 'remote' }
240 silly mapToRegistry name bcrypt@https://registry.npmjs.org/bcrypt/-/bcrypt-0.7.8.tgz
241 silly mapToRegistry using default registry
242 silly mapToRegistry registry https://registry.npmjs.org/
243 silly mapToRegistry uri https://registry.npmjs.org/bcrypt@https://registry.npmjs.org/bcrypt/-/bcrypt-0.7.8.tgz
244 verbose addRemoteTarball https://registry.npmjs.org/bcrypt/-/bcrypt-0.7.8.tgz not in flight; adding
245 verbose addRemoteTarball [ 'https://registry.npmjs.org/bcrypt/-/bcrypt-0.7.8.tgz', null ]
246 verbose already installed skipping fresh@0.2.0 C:\Users\RONNIE\Desktop\pressinterfacedemo\.demeteorized
247 verbose already installed skipping methods@0.0.1 C:\Users\RONNIE\Desktop\pressinterfacedemo\.demeteorized
248 verbose already installed skipping stream-counter@~0.1.0 C:\Users\RONNIE\Desktop\pressinterfacedemo\.demeteorized
249 verbose already installed skipping multiparty@2.1.8 C:\Users\RONNIE\Desktop\pressinterfacedemo\.demeteorized
250 verbose already installed skipping pause@0.0.1 C:\Users\RONNIE\Desktop\pressinterfacedemo\.demeteorized
251 verbose already installed skipping uid2@0.0.2 C:\Users\RONNIE\Desktop\pressinterfacedemo\.demeteorized
252 verbose already installed skipping connect@https://registry.npmjs.org/connect/-/connect-2.9.0.tgz C:\Users\RONNIE\Desktop\pressinterfacedemo\.demeteorized
253 verbose already installed skipping send@https://registry.npmjs.org/send/-/send-0.1.4.tgz C:\Users\RONNIE\Desktop\pressinterfacedemo\.demeteorized
254 verbose already installed skipping mime@~1.2.9 C:\Users\RONNIE\Desktop\pressinterfacedemo\.demeteorized
255 verbose already installed skipping range-parser@0.0.4 C:\Users\RONNIE\Desktop\pressinterfacedemo\.demeteorized
256 verbose already installed skipping lru-cache@2.2.x C:\Users\RONNIE\Desktop\pressinterfacedemo\.demeteorized
257 info retry fetch attempt 1 at 2:10:00 PM
258 info attempt registry request try #1 at 2:10:00 PM
259 http fetch GET https://registry.npmjs.org/bcrypt/-/bcrypt-0.7.8.tgz
260 verbose request id 59f5fa8353858d29
261 verbose already installed skipping useragent@https://registry.npmjs.org/useragent/-/useragent-2.0.7.tgz C:\Users\RONNIE\Desktop\pressinterfacedemo\.demeteorized
262 silly cache add args [ 'fibers@https://github.com/meteor/node-fibers/tarball/d519f0c5971c33d99c902dad346b817e84bab001',
262 silly cache add   null ]
263 verbose cache add spec fibers@https://github.com/meteor/node-fibers/tarball/d519f0c5971c33d99c902dad346b817e84bab001
264 verbose already installed skipping underscore@1.5.2 C:\Users\RONNIE\Desktop\pressinterfacedemo\.demeteorized
265 verbose already installed skipping source-map-support@0.2.8 C:\Users\RONNIE\Desktop\pressinterfacedemo\.demeteorized
266 verbose already installed skipping semver@4.1.0 C:\Users\RONNIE\Desktop\pressinterfacedemo\.demeteorized
267 verbose already installed skipping string@https://registry.npmjs.org/string/-/string-1.6.0.tgz C:\Users\RONNIE\Desktop\pressinterfacedemo\.demeteorized
268 verbose already installed skipping websocket-driver@>=0.4.0 C:\Users\RONNIE\Desktop\pressinterfacedemo\.demeteorized
269 verbose already installed skipping faye-websocket@^0.7.3 || ^0.8.0 C:\Users\RONNIE\Desktop\pressinterfacedemo\.demeteorized
270 verbose already installed skipping node-uuid@^1.4.1 C:\Users\RONNIE\Desktop\pressinterfacedemo\.demeteorized
271 verbose already installed skipping sockjs@https://registry.npmjs.org/sockjs/-/sockjs-0.3.11.tgz C:\Users\RONNIE\Desktop\pressinterfacedemo\.demeteorized
272 verbose already installed skipping mimelib-noiconv@* C:\Users\RONNIE\Desktop\pressinterfacedemo\.demeteorized
273 verbose already installed skipping mailcomposer@https://registry.npmjs.org/mailcomposer/-/mailcomposer-0.1.15.tgz C:\Users\RONNIE\Desktop\pressinterfacedemo\.demeteorized
274 verbose already installed skipping rai@~0.1 C:\Users\RONNIE\Desktop\pressinterfacedemo\.demeteorized
275 verbose already installed skipping xoauth2@~0.1 C:\Users\RONNIE\Desktop\pressinterfacedemo\.demeteorized
276 verbose already installed skipping simplesmtp@https://registry.npmjs.org/simplesmtp/-/simplesmtp-0.3.10.tgz C:\Users\RONNIE\Desktop\pressinterfacedemo\.demeteorized
277 verbose already installed skipping stream-buffers@https://registry.npmjs.org/stream-buffers/-/stream-buffers-0.2.5.tgz C:\Users\RONNIE\Desktop\pressinterfacedemo\.demeteorized
278 verbose already installed skipping bytes@0.2.0 C:\Users\RONNIE\Desktop\pressinterfacedemo\.demeteorized
279 verbose already installed skipping content-type@~1.0.1 C:\Users\RONNIE\Desktop\pressinterfacedemo\.demeteorized
280 verbose already installed skipping ms@0.7.1 C:\Users\RONNIE\Desktop\pressinterfacedemo\.demeteorized
281 verbose already installed skipping debug@* C:\Users\RONNIE\Desktop\pressinterfacedemo\.demeteorized
282 verbose already installed skipping depd@~1.0.1 C:\Users\RONNIE\Desktop\pressinterfacedemo\.demeteorized
283 verbose already installed skipping iconv-lite@0.4.8 C:\Users\RONNIE\Desktop\pressinterfacedemo\.demeteorized
284 verbose already installed skipping ee-first@1.1.0 C:\Users\RONNIE\Desktop\pressinterfacedemo\.demeteorized
285 silly cache add parsed spec { raw: 'fibers@https://github.com/meteor/node-fibers/tarball/d519f0c5971c33d99c902dad346b817e84bab001',
285 silly cache add   scope: null,
285 silly cache add   name: 'fibers',
285 silly cache add   rawSpec: 'https://github.com/meteor/node-fibers/tarball/d519f0c5971c33d99c902dad346b817e84bab001',
285 silly cache add   spec: 'https://github.com/meteor/node-fibers/tarball/d519f0c5971c33d99c902dad346b817e84bab001',
285 silly cache add   type: 'remote' }
286 silly mapToRegistry name fibers@https://github.com/meteor/node-fibers/tarball/d519f0c5971c33d99c902dad346b817e84bab001
287 silly mapToRegistry using default registry
288 silly mapToRegistry registry https://registry.npmjs.org/
289 silly mapToRegistry uri https://registry.npmjs.org/fibers@https://github.com/meteor/node-fibers/tarball/d519f0c5971c33d99c902dad346b817e84bab001
290 verbose addRemoteTarball https://github.com/meteor/node-fibers/tarball/d519f0c5971c33d99c902dad346b817e84bab001 not in flight; adding
291 verbose addRemoteTarball [ 'https://github.com/meteor/node-fibers/tarball/d519f0c5971c33d99c902dad346b817e84bab001',
291 verbose addRemoteTarball   null ]
292 info retry fetch attempt 1 at 2:10:00 PM
293 info attempt registry request try #1 at 2:10:00 PM
294 http fetch GET https://github.com/meteor/node-fibers/tarball/d519f0c5971c33d99c902dad346b817e84bab001
295 http fetch 200 https://registry.npmjs.org/bcrypt/-/bcrypt-0.7.8.tgz
296 http fetch 200 https://github.com/meteor/node-fibers/tarball/d519f0c5971c33d99c902dad346b817e84bab001
297 silly fetchAndShaCheck shasum 42c99aac202918e947b5bd086110184f62745e3e
298 verbose addTmpTarball C:\Users\RONNIE\AppData\Local\Temp\npm-4256-efe4d837\registry.npmjs.org\bcrypt\-\bcrypt-0.7.8.tgz not in flight; adding
299 verbose addTmpTarball validating metadata from C:\Users\RONNIE\AppData\Local\Temp\npm-4256-efe4d837\registry.npmjs.org\bcrypt\-\bcrypt-0.7.8.tgz
300 verbose tar unpack C:\Users\RONNIE\AppData\Local\Temp\npm-4256-efe4d837\registry.npmjs.org\bcrypt\-\bcrypt-0.7.8.tgz
301 verbose tar unpacking to C:\Users\RONNIE\AppData\Local\Temp\npm-4256-efe4d837\unpack-c174035fd876
302 silly gentlyRm C:\Users\RONNIE\AppData\Local\Temp\npm-4256-efe4d837\unpack-c174035fd876 is being purged
303 verbose gentlyRm don't care about contents; nuking C:\Users\RONNIE\AppData\Local\Temp\npm-4256-efe4d837\unpack-c174035fd876
304 silly gunzTarPerm modes [ '777', '666' ]
305 silly gunzTarPerm extractEntry package.json
306 silly gunzTarPerm modified mode [ 'package.json', 420, 438 ]
307 silly gunzTarPerm extractEntry .npmignore
308 silly gunzTarPerm modified mode [ '.npmignore', 420, 438 ]
309 silly gunzTarPerm extractEntry README.md
310 silly gunzTarPerm modified mode [ 'README.md', 420, 438 ]
311 silly gunzTarPerm extractEntry LICENSE
312 silly gunzTarPerm modified mode [ 'LICENSE', 420, 438 ]
313 silly gunzTarPerm extractEntry bcrypt.js
314 silly gunzTarPerm modified mode [ 'bcrypt.js', 420, 438 ]
315 silly gunzTarPerm extractEntry Makefile
316 silly gunzTarPerm modified mode [ 'Makefile', 420, 438 ]
317 silly gunzTarPerm extractEntry .travis.yml
318 silly gunzTarPerm modified mode [ '.travis.yml', 420, 438 ]
319 silly gunzTarPerm extractEntry binding.gyp
320 silly gunzTarPerm modified mode [ 'binding.gyp', 420, 438 ]
321 silly gunzTarPerm extractEntry examples/async_compare.js
322 silly gunzTarPerm modified mode [ 'examples/async_compare.js', 420, 438 ]
323 silly gunzTarPerm extractEntry examples/forever_gen_salt.js
324 silly gunzTarPerm modified mode [ 'examples/forever_gen_salt.js', 420, 438 ]
325 silly gunzTarPerm extractEntry CHANGELOG
326 silly gunzTarPerm modified mode [ 'CHANGELOG', 420, 438 ]
327 silly gunzTarPerm extractEntry src/bcrypt.cc
328 silly gunzTarPerm modified mode [ 'src/bcrypt.cc', 420, 438 ]
329 silly gunzTarPerm extractEntry src/bcrypt_node.cc
330 silly gunzTarPerm modified mode [ 'src/bcrypt_node.cc', 420, 438 ]
331 silly gunzTarPerm extractEntry src/blowfish.cc
332 silly gunzTarPerm modified mode [ 'src/blowfish.cc', 420, 438 ]
333 silly gunzTarPerm extractEntry src/node_blf.h
334 silly gunzTarPerm modified mode [ 'src/node_blf.h', 420, 438 ]
335 silly gunzTarPerm extractEntry test/async.js
336 silly gunzTarPerm modified mode [ 'test/async.js', 420, 438 ]
337 silly gunzTarPerm extractEntry test/repetitions.js
338 silly gunzTarPerm modified mode [ 'test/repetitions.js', 420, 438 ]
339 silly gunzTarPerm extractEntry test/sync.js
340 silly gunzTarPerm modified mode [ 'test/sync.js', 420, 438 ]
341 silly cache afterAdd bcrypt@0.7.8
342 verbose afterAdd C:\Users\RONNIE\AppData\Roaming\npm-cache\bcrypt\0.7.8\package\package.json not in flight; writing
343 verbose afterAdd C:\Users\RONNIE\AppData\Roaming\npm-cache\bcrypt\0.7.8\package\package.json written
344 silly fetchAndShaCheck shasum 55a0e3fefc1b1993108767535af5c0b5ba9cf5c9
345 verbose addTmpTarball C:\Users\RONNIE\AppData\Local\Temp\npm-4256-efe4d837\github.com\meteor\node-fibers\tarball\d519f0c5971c33d99c902dad346b817e84bab001 not in flight; adding
346 verbose addTmpTarball validating metadata from C:\Users\RONNIE\AppData\Local\Temp\npm-4256-efe4d837\github.com\meteor\node-fibers\tarball\d519f0c5971c33d99c902dad346b817e84bab001
347 verbose tar unpack C:\Users\RONNIE\AppData\Local\Temp\npm-4256-efe4d837\github.com\meteor\node-fibers\tarball\d519f0c5971c33d99c902dad346b817e84bab001
348 verbose tar unpacking to C:\Users\RONNIE\AppData\Local\Temp\npm-4256-efe4d837\unpack-98656efe31de
349 silly gentlyRm C:\Users\RONNIE\AppData\Local\Temp\npm-4256-efe4d837\unpack-98656efe31de is being purged
350 verbose gentlyRm don't care about contents; nuking C:\Users\RONNIE\AppData\Local\Temp\npm-4256-efe4d837\unpack-98656efe31de
351 silly gunzTarPerm modes [ '777', '666' ]
352 silly gunzTarPerm extractEntry
353 silly gunzTarPerm modified mode [ '', 509, 511 ]
354 silly gunzTarPerm extractEntry .gitignore
355 silly gunzTarPerm modified mode [ '.gitignore', 436, 438 ]
356 silly gunzTarPerm extractEntry LICENSE
357 silly gunzTarPerm modified mode [ 'LICENSE', 436, 438 ]
358 silly gunzTarPerm extractEntry README.md
359 silly gunzTarPerm modified mode [ 'README.md', 436, 438 ]
360 silly gunzTarPerm extractEntry bin/
361 silly gunzTarPerm modified mode [ 'bin/', 509, 511 ]
362 silly gunzTarPerm extractEntry bin/.gitignore
363 silly gunzTarPerm modified mode [ 'bin/.gitignore', 436, 438 ]
364 silly gunzTarPerm extractEntry binding.gyp
365 silly gunzTarPerm modified mode [ 'binding.gyp', 436, 438 ]
366 silly gunzTarPerm extractEntry build.js
367 silly gunzTarPerm modified mode [ 'build.js', 509, 511 ]
368 silly gunzTarPerm extractEntry fibers.js
369 silly gunzTarPerm modified mode [ 'fibers.js', 436, 438 ]
370 silly gunzTarPerm extractEntry future.js
371 silly gunzTarPerm modified mode [ 'future.js', 436, 438 ]
372 silly gunzTarPerm extractEntry package.json
373 silly gunzTarPerm modified mode [ 'package.json', 436, 438 ]
374 silly gunzTarPerm extractEntry quick-test.js
375 silly gunzTarPerm modified mode [ 'quick-test.js', 436, 438 ]
376 silly gunzTarPerm extractEntry src/
377 silly gunzTarPerm modified mode [ 'src/', 509, 511 ]
378 silly gunzTarPerm extractEntry src/coroutine.cc
379 silly gunzTarPerm modified mode [ 'src/coroutine.cc', 436, 438 ]
380 silly gunzTarPerm extractEntry src/coroutine.h
381 silly gunzTarPerm modified mode [ 'src/coroutine.h', 436, 438 ]
382 silly gunzTarPerm extractEntry src/fibers.cc
383 silly gunzTarPerm modified mode [ 'src/fibers.cc', 436, 438 ]
384 silly gunzTarPerm extractEntry src/libcoro/
385 silly gunzTarPerm modified mode [ 'src/libcoro/', 509, 511 ]
386 silly gunzTarPerm extractEntry src/libcoro/LICENSE
387 silly gunzTarPerm modified mode [ 'src/libcoro/LICENSE', 436, 438 ]
388 silly gunzTarPerm extractEntry src/libcoro/README
389 silly gunzTarPerm modified mode [ 'src/libcoro/README', 436, 438 ]
390 silly gunzTarPerm extractEntry src/libcoro/conftest.c
391 silly gunzTarPerm modified mode [ 'src/libcoro/conftest.c', 436, 438 ]
392 silly gunzTarPerm extractEntry src/libcoro/coro.c
393 silly gunzTarPerm modified mode [ 'src/libcoro/coro.c', 436, 438 ]
394 silly gunzTarPerm extractEntry src/libcoro/coro.h
395 silly gunzTarPerm modified mode [ 'src/libcoro/coro.h', 436, 438 ]
396 silly gunzTarPerm extractEntry test.js
397 silly gunzTarPerm modified mode [ 'test.js', 509, 511 ]
398 silly gunzTarPerm extractEntry test/
399 silly gunzTarPerm modified mode [ 'test/', 509, 511 ]
400 silly gunzTarPerm extractEntry test/already-running.js
401 silly gunzTarPerm modified mode [ 'test/already-running.js', 436, 438 ]
402 silly gunzTarPerm extractEntry test/bad-context.js
403 silly gunzTarPerm modified mode [ 'test/bad-context.js', 436, 438 ]
404 silly gunzTarPerm extractEntry test/child-process.js
405 silly gunzTarPerm modified mode [ 'test/child-process.js', 436, 438 ]
406 silly gunzTarPerm extractEntry test/current.js
407 silly gunzTarPerm modified mode [ 'test/current.js', 436, 438 ]
408 silly gunzTarPerm extractEntry test/exec.js
409 silly gunzTarPerm modified mode [ 'test/exec.js', 436, 438 ]
410 silly gunzTarPerm extractEntry test/exit.js
411 silly gunzTarPerm modified mode [ 'test/exit.js', 436, 438 ]
412 silly gunzTarPerm extractEntry test/fibonacci.js
413 silly gunzTarPerm modified mode [ 'test/fibonacci.js', 436, 438 ]
414 silly gunzTarPerm extractEntry test/finish-multiple.js
415 silly gunzTarPerm modified mode [ 'test/finish-multiple.js', 436, 438 ]
416 silly gunzTarPerm extractEntry test/future-exception.js
417 silly gunzTarPerm modified mode [ 'test/future-exception.js', 436, 438 ]
418 silly gunzTarPerm extractEntry test/future.js
419 silly gunzTarPerm modified mode [ 'test/future.js', 436, 438 ]
420 silly gunzTarPerm extractEntry test/illegal-yield.js
421 silly gunzTarPerm modified mode [ 'test/illegal-yield.js', 436, 438 ]
422 silly gunzTarPerm extractEntry test/pool.js
423 silly gunzTarPerm modified mode [ 'test/pool.js', 436, 438 ]
424 silly gunzTarPerm extractEntry test/process-title.js
425 silly gunzTarPerm modified mode [ 'test/process-title.js', 436, 438 ]
426 silly gunzTarPerm extractEntry test/stack-overflow.js
427 silly gunzTarPerm modified mode [ 'test/stack-overflow.js', 436, 438 ]
428 silly gunzTarPerm extractEntry test/stack-overflow2.js
429 silly gunzTarPerm modified mode [ 'test/stack-overflow2.js', 436, 438 ]
430 silly gunzTarPerm extractEntry test/started.js
431 silly gunzTarPerm modified mode [ 'test/started.js', 436, 438 ]
432 silly gunzTarPerm extractEntry test/unwind.js
433 silly gunzTarPerm modified mode [ 'test/unwind.js', 436, 438 ]
434 silly cache afterAdd fibers@1.0.5
435 verbose afterAdd C:\Users\RONNIE\AppData\Roaming\npm-cache\fibers\1.0.5\package\package.json not in flight; writing
436 verbose afterAdd C:\Users\RONNIE\AppData\Roaming\npm-cache\fibers\1.0.5\package\package.json written
437 silly install resolved [ { name: 'bcrypt',
437 silly install resolved     description: 'A bcrypt library for NodeJS.',
437 silly install resolved     keywords:
437 silly install resolved      [ 'bcrypt',
437 silly install resolved        'password',
437 silly install resolved        'auth',
437 silly install resolved        'authentication',
437 silly install resolved        'encryption',
437 silly install resolved        'crypt',
437 silly install resolved        'crypto' ],
437 silly install resolved     main: './bcrypt',
437 silly install resolved     version: '0.7.8',
437 silly install resolved     author: { name: 'Nick Campbell', url: 'https://github.com/ncb000gt' },
437 silly install resolved     engines: { node: '>= 0.6.0' },
437 silly install resolved     repository:
437 silly install resolved      { type: 'git',
437 silly install resolved        url: 'git+https://github.com/ncb000gt/node.bcrypt.js.git' },
437 silly install resolved     licenses: [ [Object] ],
437 silly install resolved     bugs: { url: 'https://github.com/ncb000gt/node.bcrypt.js/issues' },
437 silly install resolved     scripts:
437 silly install resolved      { test: 'node-gyp configure build && nodeunit test',
437 silly install resolved        install: 'node-gyp rebuild' },
437 silly install resolved     dependencies: { bindings: '1.0.0' },
437 silly install resolved     devDependencies: { nodeunit: '>=0.6.4' },
437 silly install resolved     contributors:
437 silly install resolved      [ [Object],
437 silly install resolved        [Object],
437 silly install resolved        [Object],
437 silly install resolved        [Object],
437 silly install resolved        [Object],
437 silly install resolved        [Object],
437 silly install resolved        [Object],
437 silly install resolved        [Object],
437 silly install resolved        [Object],
437 silly install resolved        [Object],
437 silly install resolved        [Object],
437 silly install resolved        [Object],
437 silly install resolved        [Object],
437 silly install resolved        [Object] ],
437 silly install resolved     gypfile: true,
437 silly install resolved     readme: '# node.bcrypt.js\n\n[![Build Status](https://secure.travis-ci.org/ncb000gt/node.bcrypt.js.png)](http://travis-ci.org/#!/ncb000gt/node.bcrypt.js) \n\nLib to help you hash passwords.\n[bcrypt on wikipedia][bcryptwiki]\n\nCatalyst for this module: [How To Safely Store A Password][codahale]\n\n## If You Are Submitting Bugs/Issues\n\nFirst, make sure that the version of node you are using is a _stable_ version. You\'ll know this because it\'ll have an even major release number. We do not currently support unstable versions and while the module may happen to work on some unstable versions you\'ll find that we quickly close issues if you\'re not using a stable version.\n\nIf you are on a stable version of node, we can\'t magically know what you are doing to expose an issue, it is best if you provide a snippet of code or log files if you\'re having an install issue. This snippet need not include your secret sauce, but it must replicate the issue you are describing. The issues that get closed without resolution tend to be the ones that don\'t help us help you. Thanks.\n\n\n## Version Compatibility\n\n| Node Version | Bcrypt Version |\n| ---- | ---- |\n| <= 0.4.x | <= 0.4.x |\n| >= 0.6.x | >= 0.5.x |\n\nWindows users should make sure to have at least node 0.8.5 installed and version >= 0.7.1 of this module.  \n`node-gyp` only works with stable/released versions of node. Since the `bcrypt` module uses `node-gyp` to build and install you\'ll need a stable version of node to use bcrypt. If you do not you\'ll likely see an error that starts with:\n\n    gyp ERR! stack Error: "pre" versions of node cannot be installed, use the --nodedir flag instead\n\n\n\n## Security Issues/Concerns\n\nAs should be the case with any security tool, this library should be scrutinized by anyone using it. If you find or suspect an issue with the code- please bring it to my attention and I\'ll spend some time trying to make sure that this tool is as secure as possible.\n\nTo make it easier for people using this tool to analyze what has been surveyed, here is a list of BCrypt related security issues/concerns as they\'ve come up.\n\n* An [issue with passwords][jtr] was found with a version of the Blowfish algorithm developed for John the Ripper. This is not present in the OpenBSD version and is thus not a problem for this module. HT [zooko][zooko].\n\n## Dependencies\n\n* NodeJS\n* `node-gyp`\n * Please check the dependencies for this tool at: https://github.com/TooTallNate/node-gyp/\n  * Windows users will need the options for c# and c++ installed with their visual studio instance.\n  * Python 2.x\n\n## Install via NPM\n```\nnpm install bcrypt\n```\n\n***Note:*** OS X users using Xcode 4.3.1 or above may need to run the following command in their terminal prior to installing if errors occur regarding xcodebuild: ```sudo xcode-select -switch /Applications/Xcode.app/Contents/Developer```\n\n## Usage\n\n### async (recommended)\n\nTo hash a password:\n\n```javascript\nvar bcrypt = require(\'bcrypt\');\nbcrypt.genSalt(10, function(err, salt) {\n    bcrypt.hash("B4c0/\\/", salt, function(err, hash) {\n        // Store hash in your password DB.\n    });\n});\n```\n\nTo check a password:\n\n```javascript\n// Load hash from your password DB.\nbcrypt.compare("B4c0/\\/", hash, function(err, res) {\n    // res == true\n});\nbcrypt.compare("not_bacon", hash, function(err, res) {\n    // res = false\n});\n```\n\nAuto-gen a salt and hash:\n\n```javascript\nbcrypt.hash(\'bacon\', 8, function(err, hash) {\n});\n```\n\n\n### sync\n\nTo hash a password:\n\n```javascript\nvar bcrypt = require(\'bcrypt\');\nvar salt = bcrypt.genSaltSync(10);\nvar hash = bcrypt.hashSync("B4c0/\\/", salt);\n// Store hash in your password DB.\n```\n\nTo check a password:\n\n```javascript\n// Load hash from your password DB.\nbcrypt.compareSync("B4c0/\\/", hash); // true\nbcrypt.compareSync("not_bacon", hash); // false\n```\n\nAuto-gen a salt and hash:\n\n```javascript\nvar hash = bcrypt.hashSync(\'bacon\', 8);\n```\n\n## API\n\n`BCrypt.`\n\n  * `genSaltSync(rounds)`\n    * `rounds` - [OPTIONAL] - the number of rounds to process the data for. (default - 10)\n  * `genSalt(rounds, cb)`\n    * `rounds` - [OPTIONAL] - the number of rounds to process the data for. (default - 10)\n    * `cb` - [REQUIRED] - a callback to be fired once the salt has been generated. uses eio making it asynchronous.\n      * `err` - First parameter to the callback detailing any errors.\n      * `salt` - Second parameter to the callback providing the generated salt.\n  * `hashSync(data, salt)`\n    * `data` - [REQUIRED] - the data to be encrypted.\n    * `salt` - [REQUIRED] - the salt to be used in encryption.\n  * `hash(data, salt, cb)`\n    * `data` - [REQUIRED] - the data to be encrypted.\n    * `salt` - [REQUIRED] - the salt to be used to hash the password. if specified as a number then a salt will be generated and used (see examples).\n    * `cb` - [REQUIRED] - a callback to be fired once the data has been encrypted. uses eio making it asynchronous.\n      * `err` - First parameter to the callback detailing any errors.\n      * `encrypted` - Second parameter to the callback providing the encrypted form.\n  * `compareSync(data, encrypted)`\n    * `data` - [REQUIRED] - data to compare.\n    * `encrypted` - [REQUIRED] - data to be compared to.\n  * `compare(data, encrypted, cb)`\n    * `data` - [REQUIRED] - data to compare.\n    * `encrypted` - [REQUIRED] - data to be compared to.\n    * `cb` - [REQUIRED] - a callback to be fired once the data has been compared. uses eio making it asynchronous.\n      * `err` - First parameter to the callback detailing any errors.\n      * `same` - Second parameter to the callback providing whether the data and encrypted forms match [true | false].\n  * `getRounds(encrypted)` - return the number of rounds used to encrypt a given hash\n    * `encrypted` - [REQUIRED] - hash from which the number of rounds used should be extracted.\n\n\n## Hash Info\n\nThe characters that comprise the resultant hash are `./ABCDEFGHIJKLMNOPQRSTUVWXYZabcdefghijklmnopqrstuvwxyz0123456789$`.\n\n## Testing\n\nIf you create a pull request, tests better pass :)\n\n```\nnpm install\nnpm test\n```\n\n## Credits\n\nThe code for this comes from a few sources:\n\n* blowfish.cc - OpenBSD\n* bcrypt.cc - OpenBSD\n* bcrypt::gen_salt - [gen_salt inclusion to bcrypt][bcryptgs]\n* bcrypt_node.cc - me\n\n## Contributors\n\n* [Antonio Salazar Cardozo][shadowfiend] - Early MacOS X support (when we used libbsd)\n* [Ben Glow][pixelglow] - Fixes for thread safety with async calls\n* [Van Nguyen][thegoleffect] - Found a timing attack in the comparator\n* [NewITFarmer][newitfarmer] - Initial Cygwin support\n* [David Trejo][dtrejo] - packaging fixes\n* [Alfred Westerveld][alfredwesterveld] - packaging fixes\n* [Vincent Ct-Roy][vincentr] - Testing around concurrency issues\n* [Lloyd Hilaiel][lloyd] - Documentation fixes\n* [Roman Shtylman][shtylman] - Code refactoring, general rot reduction, compile options, better memory management with delete and new, and an upgrade to libuv over eio/ev.\n* [Vadim Graboys][vadimg] - Code changes to support 0.5.5+\n* [Ben Noordhuis][bnoordhuis] - Fixed a thread safety issue in nodejs that was perfectly mappable to this module.\n* [Nate Rajlich][tootallnate] - Bindings and build process.\n* [Sean McArthur][seanmonstar] - Windows Support\n* [Fanie Oosthuysen][weareu] - Windows Support\n\n## License\nUnless stated elsewhere, file headers or otherwise, the license as stated in the LICENSE file.\n\n[bcryptwiki]: http://en.wikipedia.org/wiki/Bcrypt\n[bcryptgs]: http://mail-index.netbsd.org/tech-crypto/2002/05/24/msg000204.html\n[codahale]: http://codahale.com/how-to-safely-store-a-password/\n[gh13]: https://github.com/ncb000gt/node.bcrypt.js/issues/13\n[jtr]: http://www.openwall.com/lists/oss-security/2011/06/20/2\n\n[shadowfiend]:https://github.com/Shadowfiend\n[thegoleffect]:https://github.com/thegoleffect\n[pixelglow]:https://github.com/pixelglow\n[dtrejo]:https://github.com/dtrejo\n[alfredwesterveld]:https://github.com/alfredwesterveld\n[newitfarmer]:https://github.com/newitfarmer\n[zooko]:https://twitter.com/zooko\n[vincentr]:https://twitter.com/vincentcr\n[lloyd]:https://github.com/lloyd\n[shtylman]:https://github.com/shtylman\n[vadimg]:https://github.com/vadimg\n[bnoordhuis]:https://github.com/bnoordhuis\n[tootallnate]:https://github.com/tootallnate\n[seanmonstar]:https://github.com/seanmonstar\n[weareu]:https://github.com/weareu\n',
437 silly install resolved     readmeFilename: 'README.md',
437 silly install resolved     homepage: 'https://github.com/ncb000gt/node.bcrypt.js#readme',
437 silly install resolved     _id: 'bcrypt@0.7.8',
437 silly install resolved     _shasum: '42c99aac202918e947b5bd086110184f62745e3e',
437 silly install resolved     _resolved: 'https://registry.npmjs.org/bcrypt/-/bcrypt-0.7.8.tgz',
437 silly install resolved     _from: 'https://registry.npmjs.org/bcrypt/-/bcrypt-0.7.8.tgz' },
437 silly install resolved   { name: 'fibers',
437 silly install resolved     version: '1.0.5',
437 silly install resolved     description: 'Cooperative multi-tasking for Javascript',
437 silly install resolved     keywords:
437 silly install resolved      [ 'fiber',
437 silly install resolved        'fibers',
437 silly install resolved        'coroutine',
437 silly install resolved        'thread',
437 silly install resolved        'async',
437 silly install resolved        'parallel',
437 silly install resolved        'worker',
437 silly install resolved        'future',
437 silly install resolved        'promise' ],
437 silly install resolved     homepage: 'https://github.com/laverdet/node-fibers',
437 silly install resolved     author:
437 silly install resolved      { name: 'Marcel Laverdet',
437 silly install resolved        email: 'marcel@laverdet.com',
437 silly install resolved        url: 'https://github.com/laverdet/' },
437 silly install resolved     main: 'fibers',
437 silly install resolved     scripts: { install: 'node ./build.js', test: 'node ./test.js' },
437 silly install resolved     repository:
437 silly install resolved      { type: 'git',
437 silly install resolved        url: 'git://github.com/laverdet/node-fibers.git' },
437 silly install resolved     engines: { node: '>=0.5.2' },
437 silly install resolved     readme: 'fibers(1) -- Fiber support for v8 and Node\n==========================================\n\nINSTALLING\n----------\n\n### via npm\n* `npm install fibers`\n* You\'re done!\n\n### from source\n* `git clone git://github.com/laverdet/node-fibers.git`\n* `cd node-fibers`\n* `npm install`\n\nNote: node-fibers uses [node-gyp](https://github.com/TooTallNate/node-gyp) for\nbuilding. To manually invoke the build process, you can use `node-gyp rebuild`.\nThis will put the compiled extension in `build/Release/fibers.node`. However,\nwhen you do `require(\'fibers\')`, it will expect the module to be in, for\nexample, `bin/linux-x64-v8-3.11/fibers.node`. You can manually put the module\nhere every time you build, or you can use the included build script. Either\n`npm install` or `node build -f` will do this for you. If you are going to be\nhacking on node-fibers, it may be worthwhile to first do `node-gyp configure`\nand then for subsequent rebuilds you can just do `node-gyp build` which will\nbe faster than a full `npm install` or `node-gyp rebuild`.\n\n### important!\nIt\'s recommended that you use node 0.6.18 or higher with node-fibers. Using\nother versions may lead to instability during high loads.\n\n### other notes\nUnlike most NodeJS projects, node-fibers is a C++ project. Some extra work is\nrequired to compile node-fibers, but pretty much every platform is supported\nin some way. Binary distributions in 32 and 64-bit forms are provided in npm for\nLinux, OS X, and Windows (special thanks to\n[Jeroen Janssen](https://github.com/japj) for his work on fibers in Windows).\n\nSupport for Solaris, FreeBSD, and OpenBSD is provided by compiling the extension\non your system during install time via\n[node-gyp](https://github.com/TooTallNate/node-gyp). If your operating system\nisn\'t listed here you may have luck copying the build process for one of the\nother OS\'s, assuming you are running a POSIX-like OS.\n\nnode 0.6.x is required to run this release of node-fibers. Older versions of\nnode (0.4.x) are supported in older releases of node-fibers. See the 0.5.x\nbranch of node-fibers for documentation.\n\n\nEXAMPLES\n--------\n\nThe examples below describe basic use of `Fiber`, but note that it is **not\nrecommended** to use `Fiber` without an abstraction in between your code and\nfibers. See "FUTURES" below for additional information.\n\n### Sleep\nThis is a quick example of how you can write sleep() with fibers. Note that\nwhile the sleep() call is blocking inside the fiber, node is able to handle\nother events.\n\n\t$ cat sleep.js\n\n```javascript\nvar Fiber = require(\'fibers\');\n\nfunction sleep(ms) {\n\tvar fiber = Fiber.current;\n\tsetTimeout(function() {\n\t\tfiber.run();\n\t}, ms);\n\tFiber.yield();\n}\n\nFiber(function() {\n\tconsole.log(\'wait... \' + new Date);\n\tsleep(1000);\n\tconsole.log(\'ok... \' + new Date);\n}).run();\nconsole.log(\'back in main\');\n```\n\n\t$ node sleep.js\n\twait... Fri Jan 21 2011 22:42:04 GMT+0900 (JST)\n\tback in main\n\tok... Fri Jan 21 2011 22:42:05 GMT+0900 (JST)\n\n\n### Incremental Generator\nYielding execution will resume back in the fiber right where you left off. You\ncan also pass values back and forth through yield() and run(). Again, the node\nevent loop is never blocked while this script is running.\n\n\t$ cat generator.js\n\n```javascript\nvar Fiber = require(\'fibers\');\n\nvar inc = Fiber(function(start) {\n\tvar total = start;\n\twhile (true) {\n\t\ttotal += Fiber.yield(total);\n\t}\n});\n\nfor (var ii = inc.run(1); ii <= 10; ii = inc.run(1)) {\n\tconsole.log(ii);\n}\n```\n\n\t$ node generator.js\n\t1\n\t2\n\t3\n\t4\n\t5\n\t6\n\t7\n\t8\n\t9\n\t10\n\n\n### Fibonacci Generator\nExpanding on the incremental generator above, we can create a generator which\nreturns a new Fibonacci number with each invocation. You can compare this with\nthe [ECMAScript Harmony\nGenerator](http://wiki.ecmascript.org/doku.php?id=harmony:generators) Fibonacci\nexample.\n\n\t$ cat fibonacci.js\n\n```javascript\nvar Fiber = require(\'fibers\');\n\n// Generator function. Returns a function which returns incrementing\n// Fibonacci numbers with each call.\nfunction Fibonacci() {\n\t// Create a new fiber which yields sequential Fibonacci numbers\n\tvar fiber = Fiber(function() {\n\t\tFiber.yield(0); // F(0) -> 0\n\t\tvar prev = 0, curr = 1;\n\t\twhile (true) {\n\t\t\tFiber.yield(curr);\n\t\t\tvar tmp = prev + curr;\n\t\t\tprev = curr;\n\t\t\tcurr = tmp;\n\t\t}\n\t});\n\t// Return a bound handle to `run` on this fiber\n\treturn fiber.run.bind(fiber);\n}\n\n// Initialize a new Fibonacci sequence and iterate up to 1597\nvar seq = Fibonacci();\nfor (var ii = seq(); ii <= 1597; ii = seq()) {\n\tconsole.log(ii);\n}\n```\n\n\t$ node fibonacci.js\n\t0\n\t1\n\t1\n\t2\n\t3\n\t5\n\t8\n\t13\n\t21\n\t34\n\t55\n\t89\n\t144\n\t233\n\t377\n\t610\n\t987\n\t1597\n\n\n### Basic Exceptions\nFibers are exception-safe; exceptions will continue travelling through fiber\nboundaries:\n\n\t$ cat error.js\n\n```javascript\nvar Fiber = require(\'fibers\');\n\nvar fn = Fiber(function() {\n\tconsole.log(\'async work here...\');\n\tFiber.yield();\n\tconsole.log(\'still working...\');\n\tFiber.yield();\n\tconsole.log(\'just a little bit more...\');\n\tFiber.yield();\n\tthrow new Error(\'oh crap!\');\n});\n\ntry {\n\twhile (true) {\n\t\tfn.run();\n\t}\n} catch(e) {\n\tconsole.log(\'safely caught that error!\');\n\tconsole.log(e.stack);\n}\nconsole.log(\'done!\');\n```\n\n\t$ node error.js\n\tasync work here...\n\tstill working...\n\tjust a little bit more...\n\tsafely caught that error!\n\tError: oh crap!\n\t\t\tat error.js:11:9\n\tdone!\n\n\nFUTURES\n-------\n\nUsing the `Fiber` class without an abstraction in between your code and the raw\nAPI is **not recommended**. `Fiber` is meant to implement the smallest amount of\nfunctionality in order make possible many different programming patterns. This\nmakes the `Fiber` class relatively lousy to work with directly, but extremely\npowerful when coupled with a decent abstraction. There is no right answer for\nwhich abstraction is right for you and your project. Included with `node-fibers`\nis an implementation of "futures" which is fiber-aware. Usage of this library\nis documented below. There are several other externally-maintained options\nwhich can be found on the [wiki](https://github.com/laverdet/node-fibers/wiki).\nYou **should** feel encouraged to be creative with fibers and build a solution\nwhich works well with your project. For instance, `Future` is not a good\nabstraction to use if you want to build a generator function (see Fibonacci\nexample above).\n\nUsing `Future` to wrap existing node functions. At no point is the node event\nloop blocked:\n\n\t$ cat ls.js\n\n```javascript\nvar Future = require(\'fibers/future\');\nvar fs = Future.wrap(require(\'fs\'));\n\nFuture.task(function() {\n\t// Get a list of files in the directory\n\tvar fileNames = fs.readdirFuture(\'.\').wait();\n\tconsole.log(\'Found \'+ fileNames.length+ \' files\');\n\n\t// Stat each file\n\tvar stats = [];\n\tfor (var ii = 0; ii < fileNames.length; ++ii) {\n\t\tstats.push(fs.statFuture(fileNames[ii]));\n\t}\n\tstats.map(function(f) {\n\t\tf.wait()\n\t});\n\n\t// Print file size\n\tfor (var ii = 0; ii < fileNames.length; ++ii) {\n\t\tconsole.log(fileNames[ii]+ \': \'+ stats[ii].get().size);\n\t}\n}).detach();\n```\n\n\t$ node ls.js \n\tFound 11 files\n\tbin: 4096\n\tfibers.js: 1708\n\t.gitignore: 37\n\tREADME.md: 8664\n\tfuture.js: 5833\n\t.git: 4096\n\tLICENSE: 1054\n\tsrc: 4096\n\tls.js: 860\n\tMakefile: 436\n\tpackage.json: 684\n\n\nThe future API is designed to make it easy to move between classic\ncallback-style code and fiber-aware waiting code:\n\n\t$ cat sleep.js\n\n```javascript\nvar Future = require(\'fibers/future\'), wait = Future.wait;\n\n// This function returns a future which resolves after a timeout. This\n// demonstrates manually resolving futures.\nfunction sleep(ms) {\n\tvar future = new Future;\n\tsetTimeout(function() {\n\t\tfuture.return();\n\t}, ms);\n\treturn future;\n}\n\n// You can create functions which automatically run in their own fiber and\n// return futures that resolve when the fiber returns (this probably sounds\n// confusing.. just play with it to understand).\nvar calcTimerDelta = function(ms) {\n\tvar start = new Date;\n\tsleep(ms).wait();\n\treturn new Date - start;\n}.future(); // <-- important!\n\n// And futures also include node-friendly callbacks if you don\'t want to use\n// wait()\ncalcTimerDelta(2000).resolve(function(err, val) {\n\tconsole.log(\'Set timer for 2000ms, waited \'+ val+ \'ms\');\n});\n```\n\n\t$ node sleep.js\n\tSet timer for 2000ms, waited 2009ms\n\n\nAPI DOCUMENTATION\n-----------------\nFiber\'s definition looks something like this:\n\n```javascript\n/**\n * Instantiate a new Fiber. You may invoke this either as a function or as\n * a constructor; the behavior is the same.\n *\n * When run() is called on this fiber for the first time, `fn` will be\n * invoked as the first frame on a new stack. Execution will continue on\n * this new stack until `fn` returns, or Fiber.yield() is called.\n *\n * After the function returns the fiber is reset to original state and\n * may be restarted with another call to run().\n */\nfunction Fiber(fn) {\n\t[native code]\n}\n\n/**\n * `Fiber.current` will contain the currently-running Fiber. It will be\n * `undefined` if there is no fiber (i.e. the main stack of execution).\n *\n * See "Garbage Collection" for more information on responsible use of\n * `Fiber.current`.\n */\nFiber.current = undefined;\n\n/**\n * `Fiber.yield()` will halt execution of the current fiber and return control\n * back to original caller of run(). If an argument is supplied to yield(),\n * run() will return that value.\n *\n * When run() is called again, yield() will return.\n *\n * Note that this function is a global to allow for correct garbage\n * collection. This results in no loss of functionality because it is only\n * valid to yield from the currently running fiber anyway.\n *\n * Note also that `yield` is a reserved word in Javascript. This is normally\n * not an issue, however some code linters may complain. Rest assured that it\n * will run fine now and in future versions of Javascript.\n */\nFiber.yield = function(param) {\n\t[native code]\n}\n\n/**\n * run() will start execution of this Fiber, or if it is currently yielding,\n * it will resume execution. If an argument is supplied, this argument will\n * be passed to the fiber, either as the first parameter to the main\n * function [if the fiber has not been started] or as the return value of\n * yield() [if the fiber is currently yielding].\n *\n * This function will return either the parameter passed to yield(), or the\n * returned value from the fiber\'s main function.\n */\nFiber.prototype.run = function(param) {\n\t[native code]\n}\n\n/**\n * reset() will terminate a running Fiber and restore it to its original\n * state, as if it had returned execution.\n *\n * This is accomplished by causing yield() to throw an exception, and any\n * futher calls to yield() will also throw an exception. This continues\n * until the fiber has completely unwound and returns.\n *\n * If the fiber returns a value it will be returned by reset().\n *\n * If the fiber is not running, reset() will have no effect.\n */\nFiber.prototype.reset = function() {\n\t[native code]\n}\n\n/**\n * throwInto() will cause a currently yielding fiber\'s yield() call to\n * throw instead of return gracefully. This can be useful for notifying a\n * fiber that you are no longer interested in its task, and that it should\n * give up.\n *\n * Note that if the fiber does not handle the exception it will continue to\n * bubble up and throwInto() will throw the exception right back at you.\n */\nFiber.prototype.throwInto = function(exception) {\n\t[native code]\n}\n```\n\n\nFuture\'s definition looks something like this:\n\n```javascript\n/**\n * Returns a future-function which, when run, starts running the target\n * function and returns a future for the result.\n * \n * Example usage: \n * var funcy = function(arg) {\n *   return arg+1;\n * }.future();\n * \n * funcy(1).wait(); // returns 2\n */\nFunction.prototype.future = function() { ... }\n\n/**\n * Future object, instantiated with the new operator.\n */\nfunction Future() {}\n\n/**\n * Wrap a node-style async function to return a future in place of using a callback.\n * \n * fn - the function or object to wrap\n * array - indicates that this callback will return more than 1 argument after `err`. For example,\n *         `child_process.exec()` returns [err, stdout, stderr]\n * suffix - appends a string to every method that was overridden, if you passed an object\n * \n * Example usage: Future.wrap(asyncFunction)(arg1).wait()\n */\nFuture.wrap = function(fn, multi, suffix) { ... }\n\n/**\n * Invoke a function that will be run in its own fiber context and return a future to its return\n * value.\n *\n * Example:\n * Future.task(function() {\n *   // You can safely `wait` on stuff here\n * }).detach();\n */\nFuture.task = function(fn) { ... }\n\n/**\n * Wait on a series of futures and then return. If the futures throw an exception this function\n * /won\'t/ throw it back. You can get the value of the future by calling get() on it directly. If\n * you want to wait on a single future you\'re better off calling future.wait() on the instance.\n * \n * Example usage: Future.wait(aFuture, anotherFuture)\n */\nFuture.wait = function(/* ... */) { ... }\n\n/**\n * Return the value of this future. If the future hasn\'t resolved yet this will throw an error.\n */\nFuture.prototype.get = function() { ... }\n\n/**\n * Mark this future as returned. All pending callbacks will be invoked immediately.\n * \n * value - the value to return when get() or wait() is called.\n * \n * Example usage: aFuture.return(value)\n */\nFuture.prototype.return = function(value) { ... }\n\n/**\n * Throw from this future as returned. All pending callbacks will be invoked immediately.\n * Note that execution will continue normally after running this method, \n * so make sure you exit appropriately after running throw()\n * \n * error - the error to throw when get() or wait() is called.\n * \n * Example usage: aFuture.throw(new Error("Something borked"))\n */\nFuture.prototype.throw = function(error) { ... }\n\n/**\n * "detach" this future. Basically this is useful if you want to run a task in a future, you\n * aren\'t interested in its return value, but if it throws you don\'t want the exception to be\n * lost. If this fiber throws, an exception will be thrown to the event loop and node will\n * probably fall down.\n */\nFuture.prototype.detach = function() { ... }\n\n/**\n * Returns whether or not this future has resolved yet.\n */\nFuture.prototype.isResolved = function() { ... }\n\n/**\n * Returns a node-style function which will mark this future as resolved when called.\n * \n * Example usage: \n *   var errback = aFuture.resolver();\n *   asyncFunction(arg1, arg2, etc, errback)\n *   var result = aFuture.wait();\n */\nFuture.prototype.resolver = function() { ... }\n\n/**\n * Waits for this future to resolve and then invokes a callback.\n *\n * If only one argument is passed it is a standard function(err, val){} errback.\n *\n * If two arguments are passed, the first argument is a future which will be thrown to in the case\n * of error, and the second is a function(val){} callback.\n */\nFuture.prototype.resolve = function(/* errback or future, callback */) { ... }\n\n/**\n * Propogate results to another future.\n * \n * Example usage: future1.proxy(future2) // future2 gets automatically resolved with however future1 resolves\n */\nFuture.prototype.proxy = function(future) { ... }\n\n/**\n * Differs from its functional counterpart in that it actually resolves the future. Thus if the\n * future threw, future.wait() will throw.\n */\nFuture.prototype.wait = function() { ... }\n```\n\nGARBAGE COLLECTION\n------------------\n\nIf you intend to build generators, iterators, or "lazy lists", you should be\naware that all fibers must eventually unwind. This is implemented by causing\nyield() to throw unconditionally when the library is trying to unwind your\nfiber-- either because reset() was called, or all handles to the fiber were lost\nand v8 wants to delete it.\n\nSomething like this will, at some point, cause an infinite loop in your\napplication:\n\n```javascript\nvar fiber = Fiber(function() {\n\twhile (true) {\n\t\ttry {\n\t\t\tFiber.yield();\n\t\t} catch(e) {}\n\t}\n});\nfiber.run();\n```\n\nIf you either call reset() on this fiber, or the v8 garbage collector decides it\nis no longer in use, the fiber library will attempt to unwind the fiber by\ncausing all calls to yield() to throw. However, if you catch these exceptions\nand continue anyway, an infinite loop will occur.\n\nThere are other garbage collection issues that occur with misuse of fiber\nhandles. If you grab a handle to a fiber from within itself, you should make\nsure that the fiber eventually unwinds. This application will leak memory:\n\n```javascript\nvar fiber = Fiber(function() {\n\tvar that = Fiber.current;\n\tFiber.yield();\n}\nfiber.run();\nfiber = undefined;\n```\n\nThere is no way to get back into the fiber that was started, however it\'s\nimpossible for v8\'s garbage collector to detect this. With a handle to the fiber\nstill outstanding, v8 will never garbage collect it and the stack will remain in\nmemory until the application exits.\n\nThus, you should take care when grabbing references to `Fiber.current`.\n',
437 silly install resolved     readmeFilename: 'README.md',
437 silly install resolved     bugs: { url: 'https://github.com/laverdet/node-fibers/issues' },
437 silly install resolved     _id: 'fibers@1.0.5',
437 silly install resolved     _shasum: '55a0e3fefc1b1993108767535af5c0b5ba9cf5c9',
437 silly install resolved     _resolved: 'https://github.com/meteor/node-fibers/tarball/d519f0c5971c33d99c902dad346b817e84bab001',
437 silly install resolved     _from: 'https://github.com/meteor/node-fibers/tarball/d519f0c5971c33d99c902dad346b817e84bab001' } ]
438 info install bcrypt@0.7.8 into C:\Users\RONNIE\Desktop\pressinterfacedemo\.demeteorized
439 info install fibers@1.0.5 into C:\Users\RONNIE\Desktop\pressinterfacedemo\.demeteorized
440 info installOne bcrypt@0.7.8
441 verbose installOne of bcrypt to C:\Users\RONNIE\Desktop\pressinterfacedemo\.demeteorized not in flight; installing
442 info installOne fibers@1.0.5
443 verbose installOne of fibers to C:\Users\RONNIE\Desktop\pressinterfacedemo\.demeteorized not in flight; installing
444 verbose lock using C:\Users\RONNIE\AppData\Roaming\npm-cache\_locks\bcrypt-016a82429fae22f7.lock for C:\Users\RONNIE\Desktop\pressinterfacedemo\.demeteorized\node_modules\bcrypt
445 verbose lock using C:\Users\RONNIE\AppData\Roaming\npm-cache\_locks\fibers-38b60ae2316a3825.lock for C:\Users\RONNIE\Desktop\pressinterfacedemo\.demeteorized\node_modules\fibers
446 silly install write writing bcrypt 0.7.8 to C:\Users\RONNIE\Desktop\pressinterfacedemo\.demeteorized\node_modules\bcrypt
447 silly install write writing fibers 1.0.5 to C:\Users\RONNIE\Desktop\pressinterfacedemo\.demeteorized\node_modules\fibers
448 verbose unbuild node_modules\fibers
449 verbose unbuild node_modules\bcrypt
450 silly gentlyRm C:\Users\RONNIE\Desktop\pressinterfacedemo\.demeteorized\node_modules\fibers is being purged from base C:\Users\RONNIE\Desktop\pressinterfacedemo\.demeteorized
451 verbose gentlyRm don't care about contents; nuking C:\Users\RONNIE\Desktop\pressinterfacedemo\.demeteorized\node_modules\fibers
452 silly gentlyRm C:\Users\RONNIE\Desktop\pressinterfacedemo\.demeteorized\node_modules\bcrypt is being purged from base C:\Users\RONNIE\Desktop\pressinterfacedemo\.demeteorized
453 verbose gentlyRm don't care about contents; nuking C:\Users\RONNIE\Desktop\pressinterfacedemo\.demeteorized\node_modules\bcrypt
454 verbose tar unpack C:\Users\RONNIE\AppData\Roaming\npm-cache\fibers\1.0.5\package.tgz
455 verbose tar unpacking to C:\Users\RONNIE\Desktop\pressinterfacedemo\.demeteorized\node_modules\fibers
456 silly gentlyRm C:\Users\RONNIE\Desktop\pressinterfacedemo\.demeteorized\node_modules\fibers is being purged
457 verbose gentlyRm don't care about contents; nuking C:\Users\RONNIE\Desktop\pressinterfacedemo\.demeteorized\node_modules\fibers
458 verbose tar unpack C:\Users\RONNIE\AppData\Roaming\npm-cache\bcrypt\0.7.8\package.tgz
459 verbose tar unpacking to C:\Users\RONNIE\Desktop\pressinterfacedemo\.demeteorized\node_modules\bcrypt
460 silly gentlyRm C:\Users\RONNIE\Desktop\pressinterfacedemo\.demeteorized\node_modules\bcrypt is being purged
461 verbose gentlyRm don't care about contents; nuking C:\Users\RONNIE\Desktop\pressinterfacedemo\.demeteorized\node_modules\bcrypt
462 silly gunzTarPerm modes [ '777', '666' ]
463 silly gunzTarPerm modes [ '777', '666' ]
464 silly gunzTarPerm extractEntry
465 silly gunzTarPerm modified mode [ '', 509, 511 ]
466 silly gunzTarPerm extractEntry package.json
467 silly gunzTarPerm modified mode [ 'package.json', 420, 438 ]
468 silly gunzTarPerm extractEntry .gitignore
469 silly gunzTarPerm modified mode [ '.gitignore', 436, 438 ]
470 silly gunzTarPerm extractEntry LICENSE
471 silly gunzTarPerm modified mode [ 'LICENSE', 436, 438 ]
472 silly gunzTarPerm extractEntry README.md
473 silly gunzTarPerm modified mode [ 'README.md', 436, 438 ]
474 silly gunzTarPerm extractEntry .npmignore
475 silly gunzTarPerm modified mode [ '.npmignore', 420, 438 ]
476 silly gunzTarPerm extractEntry README.md
477 silly gunzTarPerm modified mode [ 'README.md', 420, 438 ]
478 silly gunzTarPerm extractEntry bin/
479 silly gunzTarPerm modified mode [ 'bin/', 509, 511 ]
480 silly gunzTarPerm extractEntry LICENSE
481 silly gunzTarPerm modified mode [ 'LICENSE', 420, 438 ]
482 silly gunzTarPerm extractEntry bcrypt.js
483 silly gunzTarPerm modified mode [ 'bcrypt.js', 420, 438 ]
484 silly gunzTarPerm extractEntry bin/.gitignore
485 silly gunzTarPerm modified mode [ 'bin/.gitignore', 436, 438 ]
486 silly gunzTarPerm extractEntry binding.gyp
487 silly gunzTarPerm modified mode [ 'binding.gyp', 436, 438 ]
488 silly gunzTarPerm extractEntry Makefile
489 silly gunzTarPerm modified mode [ 'Makefile', 420, 438 ]
490 silly gunzTarPerm extractEntry build.js
491 silly gunzTarPerm modified mode [ 'build.js', 509, 511 ]
492 silly gunzTarPerm extractEntry fibers.js
493 silly gunzTarPerm modified mode [ 'fibers.js', 436, 438 ]
494 silly gunzTarPerm extractEntry .travis.yml
495 silly gunzTarPerm modified mode [ '.travis.yml', 420, 438 ]
496 silly gunzTarPerm extractEntry binding.gyp
497 silly gunzTarPerm modified mode [ 'binding.gyp', 420, 438 ]
498 silly gunzTarPerm extractEntry examples/async_compare.js
499 silly gunzTarPerm modified mode [ 'examples/async_compare.js', 420, 438 ]
500 silly gunzTarPerm extractEntry examples/forever_gen_salt.js
501 silly gunzTarPerm modified mode [ 'examples/forever_gen_salt.js', 420, 438 ]
502 silly gunzTarPerm extractEntry future.js
503 silly gunzTarPerm modified mode [ 'future.js', 436, 438 ]
504 silly gunzTarPerm extractEntry package.json
505 silly gunzTarPerm modified mode [ 'package.json', 436, 438 ]
506 silly gunzTarPerm extractEntry quick-test.js
507 silly gunzTarPerm modified mode [ 'quick-test.js', 436, 438 ]
508 silly gunzTarPerm extractEntry src/
509 silly gunzTarPerm modified mode [ 'src/', 509, 511 ]
510 silly gunzTarPerm extractEntry src/coroutine.cc
511 silly gunzTarPerm modified mode [ 'src/coroutine.cc', 436, 438 ]
512 silly gunzTarPerm extractEntry CHANGELOG
513 silly gunzTarPerm modified mode [ 'CHANGELOG', 420, 438 ]
514 silly gunzTarPerm extractEntry src/bcrypt.cc
515 silly gunzTarPerm modified mode [ 'src/bcrypt.cc', 420, 438 ]
516 silly gunzTarPerm extractEntry src/bcrypt_node.cc
517 silly gunzTarPerm modified mode [ 'src/bcrypt_node.cc', 420, 438 ]
518 silly gunzTarPerm extractEntry src/blowfish.cc
519 silly gunzTarPerm modified mode [ 'src/blowfish.cc', 420, 438 ]
520 silly gunzTarPerm extractEntry src/coroutine.h
521 silly gunzTarPerm modified mode [ 'src/coroutine.h', 436, 438 ]
522 silly gunzTarPerm extractEntry src/fibers.cc
523 silly gunzTarPerm modified mode [ 'src/fibers.cc', 436, 438 ]
524 silly gunzTarPerm extractEntry src/node_blf.h
525 silly gunzTarPerm modified mode [ 'src/node_blf.h', 420, 438 ]
526 silly gunzTarPerm extractEntry test/async.js
527 silly gunzTarPerm modified mode [ 'test/async.js', 420, 438 ]
528 silly gunzTarPerm extractEntry src/libcoro/
529 silly gunzTarPerm modified mode [ 'src/libcoro/', 509, 511 ]
530 silly gunzTarPerm extractEntry src/libcoro/LICENSE
531 silly gunzTarPerm modified mode [ 'src/libcoro/LICENSE', 436, 438 ]
532 silly gunzTarPerm extractEntry test/repetitions.js
533 silly gunzTarPerm modified mode [ 'test/repetitions.js', 420, 438 ]
534 silly gunzTarPerm extractEntry test/sync.js
535 silly gunzTarPerm modified mode [ 'test/sync.js', 420, 438 ]
536 silly gunzTarPerm extractEntry src/libcoro/README
537 silly gunzTarPerm modified mode [ 'src/libcoro/README', 436, 438 ]
538 silly gunzTarPerm extractEntry src/libcoro/conftest.c
539 silly gunzTarPerm modified mode [ 'src/libcoro/conftest.c', 436, 438 ]
540 silly gunzTarPerm extractEntry src/libcoro/coro.c
541 silly gunzTarPerm modified mode [ 'src/libcoro/coro.c', 436, 438 ]
542 silly gunzTarPerm extractEntry src/libcoro/coro.h
543 silly gunzTarPerm modified mode [ 'src/libcoro/coro.h', 436, 438 ]
544 silly gunzTarPerm extractEntry test.js
545 silly gunzTarPerm modified mode [ 'test.js', 509, 511 ]
546 silly gunzTarPerm extractEntry test/
547 silly gunzTarPerm modified mode [ 'test/', 509, 511 ]
548 silly gunzTarPerm extractEntry test/already-running.js
549 silly gunzTarPerm modified mode [ 'test/already-running.js', 436, 438 ]
550 silly gunzTarPerm extractEntry test/bad-context.js
551 silly gunzTarPerm modified mode [ 'test/bad-context.js', 436, 438 ]
552 silly gunzTarPerm extractEntry test/child-process.js
553 silly gunzTarPerm modified mode [ 'test/child-process.js', 436, 438 ]
554 silly gunzTarPerm extractEntry test/current.js
555 silly gunzTarPerm modified mode [ 'test/current.js', 436, 438 ]
556 silly gunzTarPerm extractEntry test/exec.js
557 silly gunzTarPerm modified mode [ 'test/exec.js', 436, 438 ]
558 silly gunzTarPerm extractEntry test/exit.js
559 silly gunzTarPerm modified mode [ 'test/exit.js', 436, 438 ]
560 silly gunzTarPerm extractEntry test/fibonacci.js
561 silly gunzTarPerm modified mode [ 'test/fibonacci.js', 436, 438 ]
562 silly gunzTarPerm extractEntry test/finish-multiple.js
563 silly gunzTarPerm modified mode [ 'test/finish-multiple.js', 436, 438 ]
564 silly gunzTarPerm extractEntry test/future-exception.js
565 silly gunzTarPerm modified mode [ 'test/future-exception.js', 436, 438 ]
566 silly gunzTarPerm extractEntry test/future.js
567 silly gunzTarPerm modified mode [ 'test/future.js', 436, 438 ]
568 silly gunzTarPerm extractEntry test/illegal-yield.js
569 silly gunzTarPerm modified mode [ 'test/illegal-yield.js', 436, 438 ]
570 silly gunzTarPerm extractEntry test/pool.js
571 silly gunzTarPerm modified mode [ 'test/pool.js', 436, 438 ]
572 silly gunzTarPerm extractEntry test/process-title.js
573 silly gunzTarPerm modified mode [ 'test/process-title.js', 436, 438 ]
574 silly gunzTarPerm extractEntry test/stack-overflow.js
575 silly gunzTarPerm modified mode [ 'test/stack-overflow.js', 436, 438 ]
576 silly gunzTarPerm extractEntry test/stack-overflow2.js
577 silly gunzTarPerm modified mode [ 'test/stack-overflow2.js', 436, 438 ]
578 silly gunzTarPerm extractEntry test/started.js
579 silly gunzTarPerm modified mode [ 'test/started.js', 436, 438 ]
580 silly gunzTarPerm extractEntry test/unwind.js
581 silly gunzTarPerm modified mode [ 'test/unwind.js', 436, 438 ]
582 verbose write writing to C:\Users\RONNIE\Desktop\pressinterfacedemo\.demeteorized\node_modules\bcrypt\package.json
583 info preinstall bcrypt@0.7.8
584 verbose readDependencies loading dependencies from C:\Users\RONNIE\Desktop\pressinterfacedemo\.demeteorized\node_modules\bcrypt\package.json
585 verbose readDependencies loading dependencies from C:\Users\RONNIE\Desktop\pressinterfacedemo\.demeteorized\node_modules\bcrypt\package.json
586 silly install resolved []
587 verbose about to build C:\Users\RONNIE\Desktop\pressinterfacedemo\.demeteorized\node_modules\bcrypt
588 info build C:\Users\RONNIE\Desktop\pressinterfacedemo\.demeteorized\node_modules\bcrypt
589 info linkStuff bcrypt@0.7.8
590 silly linkStuff bcrypt@0.7.8 has C:\Users\RONNIE\Desktop\pressinterfacedemo\.demeteorized\node_modules as its parent node_modules
591 verbose linkBins bcrypt@0.7.8
592 verbose linkMans bcrypt@0.7.8
593 verbose rebuildBundles bcrypt@0.7.8
594 info install bcrypt@0.7.8
595 verbose unsafe-perm in lifecycle true
596 verbose write writing to C:\Users\RONNIE\Desktop\pressinterfacedemo\.demeteorized\node_modules\fibers\package.json
597 info preinstall fibers@1.0.5
598 verbose readDependencies loading dependencies from C:\Users\RONNIE\Desktop\pressinterfacedemo\.demeteorized\node_modules\fibers\package.json
599 verbose readDependencies loading dependencies from C:\Users\RONNIE\Desktop\pressinterfacedemo\.demeteorized\node_modules\fibers\package.json
600 silly install resolved []
601 verbose about to build C:\Users\RONNIE\Desktop\pressinterfacedemo\.demeteorized\node_modules\fibers
602 info build C:\Users\RONNIE\Desktop\pressinterfacedemo\.demeteorized\node_modules\fibers
603 info linkStuff fibers@1.0.5
604 silly linkStuff fibers@1.0.5 has C:\Users\RONNIE\Desktop\pressinterfacedemo\.demeteorized\node_modules as its parent node_modules
605 verbose linkBins fibers@1.0.5
606 verbose linkMans fibers@1.0.5
607 verbose rebuildBundles fibers@1.0.5
608 info install fibers@1.0.5
609 info bcrypt@0.7.8 Failed to exec install script
610 verbose unsafe-perm in lifecycle true
611 verbose unlock done using C:\Users\RONNIE\AppData\Roaming\npm-cache\_locks\bcrypt-016a82429fae22f7.lock for C:\Users\RONNIE\Desktop\pressinterfacedemo\.demeteorized\node_modules\bcrypt
612 info fibers@1.0.5 Failed to exec install script
613 verbose unlock done using C:\Users\RONNIE\AppData\Roaming\npm-cache\_locks\fibers-38b60ae2316a3825.lock for C:\Users\RONNIE\Desktop\pressinterfacedemo\.demeteorized\node_modules\fibers
614 verbose stack Error: bcrypt@0.7.8 install: `node-gyp rebuild`
614 verbose stack Exit status 1
614 verbose stack     at EventEmitter.<anonymous> (C:\Program Files\nodejs\node_modules\npm\lib\utils\lifecycle.js:213:16)
614 verbose stack     at EventEmitter.emit (events.js:110:17)
614 verbose stack     at ChildProcess.<anonymous> (C:\Program Files\nodejs\node_modules\npm\lib\utils\spawn.js:24:14)
614 verbose stack     at ChildProcess.emit (events.js:110:17)
614 verbose stack     at maybeClose (child_process.js:1015:16)
614 verbose stack     at Process.ChildProcess._handle.onexit (child_process.js:1087:5)
615 verbose pkgid bcrypt@0.7.8
616 verbose cwd C:\Users\RONNIE\Desktop\pressinterfacedemo\.demeteorized
617 error Windows_NT 6.1.7601
618 error argv "C:\\Program Files\\nodejs\\\\node.exe" "C:\\Program Files\\nodejs\\node_modules\\npm\\bin\\npm-cli.js" "install"
619 error node v0.12.3
620 error npm  v2.9.1
621 error code ELIFECYCLE
622 error bcrypt@0.7.8 install: `node-gyp rebuild`
622 error Exit status 1
623 error Failed at the bcrypt@0.7.8 install script 'node-gyp rebuild'.
623 error This is most likely a problem with the bcrypt package,
623 error not with npm itself.
623 error Tell the author that this fails on your system:
623 error     node-gyp rebuild
623 error You can get their info via:
623 error     npm owner ls bcrypt
623 error There is likely additional logging output above.
624 verbose exit [ 1, true ]
625 verbose unbuild node_modules\bcrypt
626 info preuninstall bcrypt@0.7.8
627 info uninstall bcrypt@0.7.8
628 verbose unbuild rmStuff bcrypt@0.7.8 from C:\Users\RONNIE\Desktop\pressinterfacedemo\.demeteorized\node_modules
629 info postuninstall bcrypt@0.7.8
630 silly gentlyRm C:\Users\RONNIE\Desktop\pressinterfacedemo\.demeteorized\node_modules\bcrypt is being purged from base C:\Users\RONNIE\Desktop\pressinterfacedemo\.demeteorized
631 verbose gentlyRm don't care about contents; nuking C:\Users\RONNIE\Desktop\pressinterfacedemo\.demeteorized\node_modules\bcrypt
632 silly vacuum-fs purging C:\Users\RONNIE\Desktop\pressinterfacedemo\.demeteorized\node_modules\bcrypt
633 silly vacuum-fs quitting because other entries in C:\Users\RONNIE\Desktop\pressinterfacedemo\.demeteorized\node_modules
634 verbose unbuild node_modules\fibers
635 info preuninstall fibers@1.0.5
636 info uninstall fibers@1.0.5
637 verbose unbuild rmStuff fibers@1.0.5 from C:\Users\RONNIE\Desktop\pressinterfacedemo\.demeteorized\node_modules
638 info postuninstall fibers@1.0.5
639 silly gentlyRm C:\Users\RONNIE\Desktop\pressinterfacedemo\.demeteorized\node_modules\fibers is being purged from base C:\Users\RONNIE\Desktop\pressinterfacedemo\.demeteorized
640 verbose gentlyRm don't care about contents; nuking C:\Users\RONNIE\Desktop\pressinterfacedemo\.demeteorized\node_modules\fibers
641 silly vacuum-fs purging C:\Users\RONNIE\Desktop\pressinterfacedemo\.demeteorized\node_modules\fibers
642 silly vacuum-fs quitting because other entries in C:\Users\RONNIE\Desktop\pressinterfacedemo\.demeteorized\node_modules
