0 info it worked if it ends with ok
1 verbose cli [ 'C:\\Program Files\\nodejs\\\\node.exe',
1 verbose cli   'C:\\Program Files\\nodejs\\node_modules\\npm\\bin\\npm-cli.js',
1 verbose cli   'install',
1 verbose cli   '-g' ]
2 info using npm@2.9.1
3 info using node@v0.12.3
4 verbose node symlink C:\Program Files\nodejs\\node.exe
5 verbose install initial load of C:\Users\RONNIE\AppData\Roaming\npm\package.json
6 verbose readDependencies loading dependencies from C:\Users\RONNIE\AppData\Roaming\npm\package.json
7 silly cache add args [ '.', null ]
8 verbose cache add spec .
9 silly cache add parsed spec { raw: '.',
9 silly cache add   scope: null,
9 silly cache add   name: null,
9 silly cache add   rawSpec: '.',
9 silly cache add   spec: 'C:\\Users\\RONNIE\\Desktop\\pressinterfacedemo',
9 silly cache add   type: 'local' }
10 error addLocal Could not install C:\Users\RONNIE\Desktop\pressinterfacedemo
11 verbose stack Error: EISDIR, read
11 verbose stack     at Error (native)
12 verbose cwd C:\Users\RONNIE\Desktop\pressinterfacedemo
13 error Windows_NT 6.1.7601
14 error argv "C:\\Program Files\\nodejs\\\\node.exe" "C:\\Program Files\\nodejs\\node_modules\\npm\\bin\\npm-cli.js" "install" "-g"
15 error node v0.12.3
16 error npm  v2.9.1
17 error code EISDIR
18 error errno -4068
19 error EISDIR, read
20 error If you need help, you may report this error at:
20 error     <https://github.com/npm/npm/issues>
21 verbose exit [ -4068, true ]
